# Logfile created on 2020-12-04 18:23:30 -0800 by logger.rb/v1.4.2
[64bfd73d] Running mkdir -p sdcard logs configs software
[64bfd73d] Finished in 0.014 seconds with exit status 0 (successful)
[d0fe2837] Running apt install --yes git libv4l-dev cmake libffi-dev build-essential libncurses-dev libusb-dev avrdude gcc-avr binutils-avr avr-libc python3-virtualenv python3-dev libjpeg-dev
[d0fe2837] 	
WARNING: apt does not have a stable CLI interface. Use with caution in scripts.

[d0fe2837] 	Reading package lists...
[d0fe2837] 	
[d0fe2837] 	Building dependency tree...
[d0fe2837] 	
Reading state information...
[d0fe2837] 	
[d0fe2837] 	cmake is already the newest version (3.16.3-1ubuntu1).
git is already the newest version (1:2.25.1-1ubuntu3).
libffi-dev is already the newest version (3.3-4).
libjpeg-dev is already the newest version (8c-2ubuntu8).
libncurses-dev is already the newest version (6.2-0ubuntu2).
libusb-dev is already the newest version (2:0.1.12-32).
libv4l-dev is already the newest version (1.18.0-2build1).
python3-dev is already the newest version (3.8.2-0ubuntu2).
avr-libc is already the newest version (1:2.0.0+Atmel3.6.1-2).
avrdude is already the newest version (6.3-20171130+svn1429-2).
binutils-avr is already the newest version (2.26.20160125+Atmel3.6.2-1).
gcc-avr is already the newest version (1:5.4.0+Atmel3.6.1-2build1).
python3-virtualenv is already the newest version (20.0.17-1).
build-essential is already the newest version (12.8ubuntu1.1).
0 upgraded, 0 newly installed, 0 to remove and 89 not upgraded.
[d0fe2837] Finished in 7.067 seconds with exit status 0 (successful)
[a3cdc126] Running rm -rf klipper
[a3cdc126] Finished in 0.348 seconds with exit status 0 (successful)
[cdc94bbc] Running git clone --depth 1 https://github.com/KevinOConnor/klipper klipper
[cdc94bbc] 	Cloning into 'klipper'...
[cdc94bbc] 	Updating files:  73% (938/1268)
[cdc94bbc] 	Updating files:  74% (939/1268)
[cdc94bbc] 	Updating files:  75% (951/1268)
[cdc94bbc] 	Updating files:  76% (964/1268)
[cdc94bbc] 	Updating files:  77% (977/1268)
[cdc94bbc] 	Updating files:  77% (987/1268)
[cdc94bbc] 	Updating files:  78% (990/1268)
[cdc94bbc] 	Updating files:  79% (1002/1268)
[cdc94bbc] 	Updating files:  80% (1015/1268)
[cdc94bbc] 	Updating files:  81% (1028/1268)
[cdc94bbc] 	Updating files:  82% (1040/1268)
[cdc94bbc] 	Updating files:  83% (1053/1268)
[cdc94bbc] 	Updating files:  84% (1066/1268)
[cdc94bbc] 	Updating files:  85% (1078/1268)
[cdc94bbc] 	Updating files:  86% (1091/1268)
[cdc94bbc] 	Updating files:  87% (1104/1268)
[cdc94bbc] 	Updating files:  88% (1116/1268)
[cdc94bbc] 	Updating files:  89% (1129/1268)
[cdc94bbc] 	Updating files:  90% (1142/1268)
[cdc94bbc] 	Updating files:  91% (1154/1268)
[cdc94bbc] 	Updating files:  92% (1167/1268)
[cdc94bbc] 	Updating files:  93% (1180/1268)
[cdc94bbc] 	Updating files:  94% (1192/1268)
[cdc94bbc] 	Updating files:  95% (1205/1268)
[cdc94bbc] 	Updating files:  96% (1218/1268)
[cdc94bbc] 	Updating files:  97% (1230/1268)
[cdc94bbc] 	Updating files:  98% (1243/1268)
[cdc94bbc] 	Updating files:  99% (1256/1268)
[cdc94bbc] 	Updating files: 100% (1268/1268)
[cdc94bbc] 	Updating files: 100% (1268/1268), done.
[cdc94bbc] Finished in 9.135 seconds with exit status 0 (successful)
[458717f7] Running rm -rf klipper-env
[458717f7] Finished in 0.401 seconds with exit status 0 (successful)
[76956659] Running virtualenv -p python2 /home/brainlet/software/klipper-env
[76956659] 	created virtual environment CPython2.7.18.final.0-32 in 4569ms
  creator CPython2Posix(dest=/home/brainlet/software/klipper-env, clear=False, global=False)
  seeder FromAppData(download=False, html5lib=latest, requests=latest, packaging=latest, six=latest, setuptools=latest, contextlib2=latest, certifi=latest, progress=latest, CacheControl=latest, distlib=latest, retrying=latest, chardet=latest, lockfile=latest, webencodings=latest, pep517=latest, idna=latest, pytoml=latest, urllib3=latest, distro=latest, pkg_resources=latest, ipaddr=latest, colorama=latest, pyparsing=latest, msgpack=latest, wheel=latest, pip=latest, appdirs=latest, via=copy, app_data_dir=/root/.local/share/virtualenv/seed-app-data/v1.0.1.debian)
  activators BashActivator,CShellActivator,FishActivator,PowerShellActivator,PythonActivator
[76956659] Finished in 9.212 seconds with exit status 0 (successful)
[1d06cc4e] Running ./pip install --upgrade setuptools
[1d06cc4e] 	DEPRECATION: Python 2.7 reached the end of its life on January 1st, 2020. Please upgrade your Python as Python 2.7 is no longer maintained. A future version of pip will drop support for Python 2.7. More details about Python 2 support in pip, can be found at https://pip.pypa.io/en/latest/development/release-process/#python-2-support
[1d06cc4e] 	Collecting setuptools
[1d06cc4e] 	  Using cached setuptools-44.1.1-py2.py3-none-any.whl (583 kB)
[1d06cc4e] 	Installing collected packages: setuptools
[1d06cc4e] 	  Attempting uninstall: setuptools
[1d06cc4e] 	    Found existing installation: setuptools 44.0.0
[1d06cc4e] 	    Uninstalling setuptools-44.0.0:
[1d06cc4e] 	      Successfully uninstalled setuptools-44.0.0
[1d06cc4e] 	Successfully installed setuptools-44.1.1
[1d06cc4e] Finished in 22.620 seconds with exit status 0 (successful)
[ee71a0e8] Running ./pip install -r /home/brainlet/software/klipper/scripts/klippy-requirements.txt
[ee71a0e8] 	DEPRECATION: Python 2.7 reached the end of its life on January 1st, 2020. Please upgrade your Python as Python 2.7 is no longer maintained. A future version of pip will drop support for Python 2.7. More details about Python 2 support in pip, can be found at https://pip.pypa.io/en/latest/development/release-process/#python-2-support
[ee71a0e8] 	Processing /root/.cache/pip/wheels/de/e1/b9/c63d9dddb8bf24b010273a0e9749838e2d69e765807700b708/cffi-1.12.2-cp27-cp27mu-linux_armv7l.whl
[ee71a0e8] 	Collecting pyserial==3.4
[ee71a0e8] 	  Using cached pyserial-3.4-py2.py3-none-any.whl (193 kB)
[ee71a0e8] 	Processing /root/.cache/pip/wheels/3f/e6/02/74f0984bdb2da68f7e101762ade672f06c09f145d821d0a8ff/greenlet-0.4.15-cp27-cp27mu-linux_armv7l.whl
[ee71a0e8] 	Collecting Jinja2==2.10.1
[ee71a0e8] 	  Using cached Jinja2-2.10.1-py2.py3-none-any.whl (124 kB)
[ee71a0e8] 	Collecting pycparser
[ee71a0e8] 	  Using cached pycparser-2.20-py2.py3-none-any.whl (112 kB)
[ee71a0e8] 	Processing /root/.cache/pip/wheels/4d/4b/bf/cce593b6a13cd17b3bf2452827317fc68dfa4c61655596028c/MarkupSafe-1.1.1-cp27-cp27mu-linux_armv7l.whl
[ee71a0e8] 	Installing collected packages: pycparser, cffi, pyserial, greenlet, MarkupSafe, Jinja2
[ee71a0e8] 	Successfully installed Jinja2-2.10.1 MarkupSafe-1.1.1 cffi-1.12.2 greenlet-0.4.15 pycparser-2.20 pyserial-3.4
[ee71a0e8] Finished in 15.216 seconds with exit status 0 (successful)
[d90471de] Running rm -rf moonraker
[d90471de] Finished in 0.112 seconds with exit status 0 (successful)
[39737fff] Running git clone --depth 1 https://github.com/Arksine/moonraker moonraker
[39737fff] 	Cloning into 'moonraker'...
[39737fff] Finished in 1.554 second with exit status 0 (successful)
[cedc1f85] Running rm -rf moonraker-env
[cedc1f85] Finished in 0.383 seconds with exit status 0 (successful)
[c0e973d2] Running virtualenv -p python3 /home/brainlet/software/moonraker-env
[c0e973d2] 	created virtual environment CPython3.8.5.final.0-32 in 2051ms
  creator CPython3Posix(dest=/home/brainlet/software/moonraker-env, clear=False, global=False)
  seeder FromAppData(download=False, html5lib=latest, requests=latest, packaging=latest, six=latest, setuptools=latest, contextlib2=latest, certifi=latest, progress=latest, CacheControl=latest, distlib=latest, retrying=latest, chardet=latest, lockfile=latest, webencodings=latest, pep517=latest, idna=latest, pytoml=latest, urllib3=latest, distro=latest, pkg_resources=latest, ipaddr=latest, colorama=latest, pyparsing=latest, msgpack=latest, wheel=latest, pip=latest, appdirs=latest, via=copy, app_data_dir=/root/.local/share/virtualenv/seed-app-data/v1.0.1.debian)
  activators BashActivator,CShellActivator,FishActivator,PowerShellActivator,PythonActivator,XonshActivator
[c0e973d2] Finished in 3.862 seconds with exit status 0 (successful)
[f0836e32] Running ./pip install -r /home/brainlet/software/moonraker/scripts/moonraker-requirements.txt
[f0836e32] 	Processing /root/.cache/pip/wheels/6f/c2/a9/adcb8514b044bbf29d20a89d9a6be2549773d0d44666893112/tornado-6.1-cp38-cp38-linux_armv7l.whl
[f0836e32] 	Collecting pyserial==3.4
[f0836e32] 	  Using cached pyserial-3.4-py2.py3-none-any.whl (193 kB)
[f0836e32] 	Processing /root/.cache/pip/wheels/cd/53/c5/5e047cc29275be11cb6041db3f3657692c48c53235ae2bd0e6/Pillow-8.0.1-cp38-cp38-linux_armv7l.whl
[f0836e32] 	Installing collected packages: tornado, pyserial, pillow
[f0836e32] 	Successfully installed pillow-8.0.1 pyserial-3.4 tornado-6.1
[f0836e32] Finished in 19.982 seconds with exit status 0 (successful)
[63f9687a] Running rm -rf caddy
[63f9687a] Finished in 0.012 seconds with exit status 0 (successful)
[8177e875] Running mkdir caddy
[8177e875] Finished in 0.022 seconds with exit status 0 (successful)
[c8ba6382] Running wget -q -O caddy.tar.gz https://github.com/caddyserver/caddy/releases/download/v2.2.1/caddy_2.2.1_linux_armv7.tar.gz
[c8ba6382] Finished in 2.292 seconds with exit status 0 (successful)
[0822c2ba] Running tar xfs caddy.tar.gz
[0822c2ba] Finished in 1.419 second with exit status 0 (successful)
[6b574e9e] Running rm -rf ./caddy.tar.gz LICENSE README.md
[6b574e9e] Finished in 0.026 seconds with exit status 0 (successful)
[b7630778] Running cp ./resources/caddy/caddy.service /etc/systemd/system/caddy.service
[b7630778] Finished in 0.213 seconds with exit status 0 (successful)
[bb00e7ce] Running sed -i -e 's:$NAME:brainlet:g' /etc/systemd/system/caddy.service
[bb00e7ce] Finished in 0.227 seconds with exit status 0 (successful)
[b8e19584] Running systemctl enable caddy.service
[b8e19584] Finished in 1.753 second with exit status 0 (successful)
[51a9f43d] Running systemctl stop caddy.service
[51a9f43d] Finished in 1.097 second with exit status 0 (successful)
[c2d58717] Running cp ./resources/caddy/caddy.cfg /home/brainlet/software/caddy/caddy.cfg
[c2d58717] Finished in 0.020 seconds with exit status 0 (successful)
[6788f1ac] Running sed -i -e 's:$IP:10.0.0.134:g' /home/brainlet/software/caddy/caddy.cfg
[6788f1ac] Finished in 0.020 seconds with exit status 0 (successful)
[da9fcd51] Running sed -i -e 's:$NAME:brainlet:g' /home/brainlet/software/caddy/caddy.cfg
[da9fcd51] Finished in 0.020 seconds with exit status 0 (successful)
[787b0ea0] Running systemctl start caddy.service
[787b0ea0] Finished in 0.063 seconds with exit status 0 (successful)
[2c116974] Running rm -rf ui
[2c116974] Finished in 0.023 seconds with exit status 0 (successful)
[7ee2e49f] Running mkdir ui
[7ee2e49f] Finished in 0.015 seconds with exit status 0 (successful)
[01143f58] Running wget -q -O ui.zip https://github.com/cadriel/fluidd/releases/download/v1.0.0/fluidd_v1.0.0.zip
[01143f58] Finished in 1.932 second with exit status 0 (successful)
[9caebecc] Running unzip -o ui.zip
[9caebecc] 	Archive:  ui.zip
[9caebecc] 	  inflating: config.json             
[9caebecc] 	
[9caebecc] 	   creating: css/
[9caebecc] 	  inflating: css/app.299770e4.css    
[9caebecc] 	
  inflating: css/chunk-vendors.3cc753b8.css  
[9caebecc] 	
[9caebecc] 	  inflating: css/bedmesh.4327fdfb.css  
[9caebecc] 	
[9caebecc] 	  inflating: favicon.ico             
[9caebecc] 	
[9caebecc] 	   creating: img/
[9caebecc] 	  inflating: img/logo.6305d36d.svg   
[9caebecc] 	
[9caebecc] 	   creating: img/icons/
 extracting: img/icons/favicon-16x16.png  
[9caebecc] 	
[9caebecc] 	  inflating: img/icons/safari-pinned-tab.svg  
[9caebecc] 	
[9caebecc] 	  inflating: img/icons/favicon.ico   
[9caebecc] 	
[9caebecc] 	 extracting: img/icons/apple-touch-icon-120x120.png  
[9caebecc] 	
[9caebecc] 	  inflating: img/icons/android-chrome-192x192.png  
[9caebecc] 	
[9caebecc] 	  inflating: img/icons/apple-touch-icon.png  
[9caebecc] 	
[9caebecc] 	  inflating: img/icons/apple-touch-icon-152x152.png  
[9caebecc] 	
[9caebecc] 	  inflating: img/icons/android-chrome-maskable-512x512.png  
[9caebecc] 	
[9caebecc] 	  inflating: img/icons/apple-touch-icon-180x180.png  
[9caebecc] 	
[9caebecc] 	 extracting: img/icons/apple-touch-icon-76x76.png  
[9caebecc] 	
[9caebecc] 	  inflating: img/icons/android-chrome-512x512.png  
[9caebecc] 	
[9caebecc] 	  inflating: img/icons/msapplication-icon-144x144.png  
[9caebecc] 	
[9caebecc] 	  inflating: img/icons/mstile-150x150.png  
[9caebecc] 	
[9caebecc] 	  inflating: img/icons/android-chrome-maskable-192x192.png  
[9caebecc] 	
[9caebecc] 	 extracting: img/icons/apple-touch-icon-60x60.png  
[9caebecc] 	
[9caebecc] 	 extracting: img/icons/favicon-32x32.png  
[9caebecc] 	
[9caebecc] 	  inflating: index.html              
[9caebecc] 	   creating: js/
[9caebecc] 	  inflating: js/tempchart.20048dd9.js.map  
[9caebecc] 	
[9caebecc] 	  inflating: js/chunk-vendors.28e16cdd.js  
[9caebecc] 	
[9caebecc] 	  inflating: js/tempchart.20048dd9.js  
[9caebecc] 	
[9caebecc] 	  inflating: js/chunk-vendors.28e16cdd.js.map  
[9caebecc] 	
[9caebecc] 	  inflating: js/bedmesh.c78ba5c6.js.map  
[9caebecc] 	
[9caebecc] 	  inflating: js/bedmesh.c78ba5c6.js  
[9caebecc] 	
[9caebecc] 	  inflating: js/app.d9fd48a7.js      
[9caebecc] 	
[9caebecc] 	  inflating: js/app.d9fd48a7.js.map  
[9caebecc] 	
[9caebecc] 	  inflating: manifest.json           
[9caebecc] 	  inflating: precache-manifest.79455ead9ff4e7ddee8419ad2025fe07.js  
[9caebecc] 	
 extracting: robots.txt              
[9caebecc] 	
[9caebecc] 	  inflating: service-worker.js       
[9caebecc] 	
[9caebecc] Finished in 0.924 seconds with exit status 0 (successful)
[c5337607] Running rm -rf ui.zip
[c5337607] Finished in 0.358 seconds with exit status 0 (successful)
[8d653d5c] Running rm -rf webcam
[8d653d5c] Finished in 1.004 second with exit status 0 (successful)
[1c608f4e] Running git clone --depth 1 https://github.com/jacksonliam/mjpg-streamer webcam
[1c608f4e] 	Cloning into 'webcam'...
[1c608f4e] Finished in 2.076 seconds with exit status 0 (successful)
[259d23fc] Running make
[259d23fc] 	[ -d _build ] || mkdir _build
[259d23fc] 	[ -f _build/Makefile ] || (cd _build && cmake  -DCMAKE_BUILD_TYPE=Release ..)
[259d23fc] 	-- The C compiler identification is GNU 9.3.0
[259d23fc] 	-- Check for working C compiler: /usr/bin/cc
[259d23fc] 	-- Check for working C compiler: /usr/bin/cc -- works
[259d23fc] 	-- Detecting C compiler ABI info
[259d23fc] 	-- Detecting C compiler ABI info - done
[259d23fc] 	-- Detecting C compile features
[259d23fc] 	-- Detecting C compile features - done
[259d23fc] 	CMAKE_BUILD_TYPE = Release
[259d23fc] 	-- Looking for include file sys/inotify.h
[259d23fc] 	-- Looking for include file sys/inotify.h - found
[259d23fc] 	CMake Warning at plugins/input_opencv/CMakeLists.txt:4 (find_package):
  By not providing "FindOpenCV.cmake" in CMAKE_MODULE_PATH this project has
  asked CMake to find a package configuration file provided by "OpenCV", but
  CMake did not find one.

  Could not find a package configuration file provided by "OpenCV" with any
  of the following names:

    OpenCVConfig.cmake
    opencv-config.cmake

  Add the installation prefix of "OpenCV" to CMAKE_PREFIX_PATH or set
  "OpenCV_DIR" to a directory containing one of the above files.  If "OpenCV"
  provides a separate development package or SDK, be sure it has been
  installed.


[259d23fc] 	-- Could NOT find PkgConfig (missing: PKG_CONFIG_EXECUTABLE) 
[259d23fc] 	-- Could NOT find GPHOTO2 (missing: GPHOTO2_LIBRARY GPHOTO2_INCLUDE_DIR) 
[259d23fc] 	-- Looking for include file linux/videodev2.h
[259d23fc] 	-- Looking for include file linux/videodev2.h - found
[259d23fc] 	-- Looking for pthread.h
[259d23fc] 	-- Looking for pthread.h - found
[259d23fc] 	-- Performing Test CMAKE_HAVE_LIBC_PTHREAD
[259d23fc] 	-- Performing Test CMAKE_HAVE_LIBC_PTHREAD - Failed
[259d23fc] 	-- Looking for pthread_create in pthreads
[259d23fc] 	-- Looking for pthread_create in pthreads - not found
[259d23fc] 	-- Looking for pthread_create in pthread
[259d23fc] 	-- Looking for pthread_create in pthread - found
[259d23fc] 	-- Found Threads: TRUE  
[259d23fc] 	-- Could NOT find SDL (missing: SDL_LIBRARY SDL_INCLUDE_DIR) 
[259d23fc] 	-- Could NOT find protobuf-c (missing: PROTOBUF_C_LIBRARY PROTOBUF_C_INCLUDE_DIR) 
[259d23fc] 	-- The following features have been enabled:

 * PLUGIN_INPUT_FILE, File input plugin
 * PLUGIN_INPUT_HTTP, HTTP input proxy plugin
 * PLUGIN_INPUT_UVC, Video 4 Linux input plugin
 * PLUGIN_OUTPUT_FILE, File output plugin
 * PLUGIN_OUTPUT_HTTP, HTTP server output plugin
 * PLUGIN_OUTPUT_RTSP, RTSP output plugin
 * PLUGIN_OUTPUT_UDP, UDP output stream plugin

-- The following OPTIONAL packages have been found:

 * Threads

-- The following features have been disabled:

 * WXP_COMPAT, Enable compatibility with WebcamXP
 * PLUGIN_INPUT_OPENCV, OpenCV input plugin (unmet dependencies)
 * PLUGIN_INPUT_RASPICAM, Raspberry Pi input camera plugin (unmet dependencies)
 * PLUGIN_INPUT_PTP2, PTP2 input plugin (unmet dependencies)
 * ENABLE_HTTP_MANAGEMENT, Enable experimental HTTP management option
 * PLUGIN_OUTPUT_VIEWER, SDL output viewer plugin (unmet dependencies)
 * PLUGIN_OUTPUT_ZMQSERVER, ZMQ Server output plugin (unmet dependencies)

-- The following OPTIONAL packages have not been found:

 * OpenCV
 * Gphoto2
 * SDL

[259d23fc] 	-- Configuring done
[259d23fc] 	-- Generating done
[259d23fc] 	-- Build files have been written to: /home/brainlet/software/webcam/mjpg-streamer-experimental/_build
[259d23fc] 	make -C _build
[259d23fc] 	make[1]: Entering directory '/home/brainlet/software/webcam/mjpg-streamer-experimental/_build'
[259d23fc] 	make[2]: Entering directory '/home/brainlet/software/webcam/mjpg-streamer-experimental/_build'
[259d23fc] 	make[3]: Entering directory '/home/brainlet/software/webcam/mjpg-streamer-experimental/_build'
[259d23fc] 	Scanning dependencies of target mjpg_streamer
[259d23fc] 	make[3]: Leaving directory '/home/brainlet/software/webcam/mjpg-streamer-experimental/_build'
[259d23fc] 	make[3]: Entering directory '/home/brainlet/software/webcam/mjpg-streamer-experimental/_build'
[259d23fc] 	[  4%] Building C object CMakeFiles/mjpg_streamer.dir/mjpg_streamer.c.o
[259d23fc] 	[  8%] Building C object CMakeFiles/mjpg_streamer.dir/utils.c.o
[259d23fc] 	[ 13%] Linking C executable mjpg_streamer
[259d23fc] 	make[3]: Leaving directory '/home/brainlet/software/webcam/mjpg-streamer-experimental/_build'
[259d23fc] 	[ 13%] Built target mjpg_streamer
[259d23fc] 	make[3]: Entering directory '/home/brainlet/software/webcam/mjpg-streamer-experimental/_build'
[259d23fc] 	Scanning dependencies of target input_file
[259d23fc] 	make[3]: Leaving directory '/home/brainlet/software/webcam/mjpg-streamer-experimental/_build'
[259d23fc] 	make[3]: Entering directory '/home/brainlet/software/webcam/mjpg-streamer-experimental/_build'
[259d23fc] 	[ 17%] Building C object plugins/input_file/CMakeFiles/input_file.dir/input_file.c.o
[259d23fc] 	[ 21%] Linking C shared library input_file.so
[259d23fc] 	make[3]: Leaving directory '/home/brainlet/software/webcam/mjpg-streamer-experimental/_build'
[259d23fc] 	[ 21%] Built target input_file
[259d23fc] 	make[3]: Entering directory '/home/brainlet/software/webcam/mjpg-streamer-experimental/_build'
[259d23fc] 	Scanning dependencies of target input_http
[259d23fc] 	make[3]: Leaving directory '/home/brainlet/software/webcam/mjpg-streamer-experimental/_build'
[259d23fc] 	make[3]: Entering directory '/home/brainlet/software/webcam/mjpg-streamer-experimental/_build'
[259d23fc] 	[ 26%] Building C object plugins/input_http/CMakeFiles/input_http.dir/input_http.c.o
[259d23fc] 	[ 30%] Building C object plugins/input_http/CMakeFiles/input_http.dir/misc.c.o
[259d23fc] 	[ 34%] Building C object plugins/input_http/CMakeFiles/input_http.dir/mjpg-proxy.c.o
[259d23fc] 	[ 39%] Linking C shared library input_http.so
[259d23fc] 	make[3]: Leaving directory '/home/brainlet/software/webcam/mjpg-streamer-experimental/_build'
[259d23fc] 	[ 39%] Built target input_http
[259d23fc] 	make[3]: Entering directory '/home/brainlet/software/webcam/mjpg-streamer-experimental/_build'
[259d23fc] 	Scanning dependencies of target input_uvc
[259d23fc] 	make[3]: Leaving directory '/home/brainlet/software/webcam/mjpg-streamer-experimental/_build'
[259d23fc] 	make[3]: Entering directory '/home/brainlet/software/webcam/mjpg-streamer-experimental/_build'
[259d23fc] 	[ 43%] Building C object plugins/input_uvc/CMakeFiles/input_uvc.dir/dynctrl.c.o
[259d23fc] 	[ 47%] Building C object plugins/input_uvc/CMakeFiles/input_uvc.dir/input_uvc.c.o
[259d23fc] 	[ 52%] Building C object plugins/input_uvc/CMakeFiles/input_uvc.dir/jpeg_utils.c.o
[259d23fc] 	[ 56%] Building C object plugins/input_uvc/CMakeFiles/input_uvc.dir/v4l2uvc.c.o
[259d23fc] 	[ 60%] Linking C shared library input_uvc.so
[259d23fc] 	make[3]: Leaving directory '/home/brainlet/software/webcam/mjpg-streamer-experimental/_build'
[259d23fc] 	[ 60%] Built target input_uvc
[259d23fc] 	make[3]: Entering directory '/home/brainlet/software/webcam/mjpg-streamer-experimental/_build'
[259d23fc] 	Scanning dependencies of target output_file
[259d23fc] 	make[3]: Leaving directory '/home/brainlet/software/webcam/mjpg-streamer-experimental/_build'
[259d23fc] 	make[3]: Entering directory '/home/brainlet/software/webcam/mjpg-streamer-experimental/_build'
[259d23fc] 	[ 65%] Building C object plugins/output_file/CMakeFiles/output_file.dir/output_file.c.o
[259d23fc] 	/home/brainlet/software/webcam/mjpg-streamer-experimental/plugins/output_file/output_file.c: In function ‘worker_thread’:
[259d23fc] 	/home/brainlet/software/webcam/mjpg-streamer-experimental/plugins/output_file/output_file.c:292:24: warning: ignoring return value of ‘link’, declared with attribute warn_unused_result [-Wunused-result]
  292 |                 (void) link(buffer2, buffer1);
      |                        ^~~~~~~~~~~~~~~~~~~~~~
[259d23fc] 	In file included from /home/brainlet/software/webcam/mjpg-streamer-experimental/plugins/output_file/../../mjpg_streamer.h:45,
                 from /home/brainlet/software/webcam/mjpg-streamer-experimental/plugins/output_file/output_file.c:43:
/home/brainlet/software/webcam/mjpg-streamer-experimental/plugins/output_file/output_file.c:329:24: warning: ‘%s’ directive output may be truncated writing up to 1023 bytes into a region of size 999 [-Wformat-truncation=]
  329 |                 OPRINT("could not write to file %s\n", buffer2);
      |                        ^~~~~~~~~~~~~~~~~~~~~~~~~~~~~~  ~~~~~~~
/home/brainlet/software/webcam/mjpg-streamer-experimental/plugins/output_file/../../plugins/output.h:25:74: note: in definition of macro ‘OPRINT’
   25 | #define OPRINT(...) { char _bf[1024] = {0}; snprintf(_bf, sizeof(_bf)-1, __VA_ARGS__); fprintf(stderr, "%s", OUTPUT_PLUGIN_PREFIX); fprintf(stderr, "%s", _bf); syslog(LOG_INFO, "%s", _bf); }
      |                                                                          ^~~~~~~~~~~
/home/brainlet/software/webcam/mjpg-streamer-experimental/plugins/output_file/output_file.c:329:49: note: format string is defined here
  329 |                 OPRINT("could not write to file %s\n", buffer2);
      |                                                 ^~
[259d23fc] 	In file included from /usr/include/stdio.h:867,
                 from /home/brainlet/software/webcam/mjpg-streamer-experimental/plugins/output_file/output_file.c:22:
/usr/include/arm-linux-gnueabihf/bits/stdio2.h:67:10: note: ‘__builtin___snprintf_chk’ output between 26 and 1049 bytes into a destination of size 1023
   67 |   return __builtin___snprintf_chk (__s, __n, __USE_FORTIFY_LEVEL - 1,
      |          ^~~~~~~~~~~~~~~~~~~~~~~~~~~~~~~~~~~~~~~~~~~~~~~~~~~~~~~~~~~~
   68 |        __bos (__s), __fmt, __va_arg_pack ());
      |        ~~~~~~~~~~~~~~~~~~~~~~~~~~~~~~~~~~~~~
[259d23fc] 	/home/brainlet/software/webcam/mjpg-streamer-experimental/plugins/output_file/output_file.c:300:58: warning: ‘%s’ directive output may be truncated writing up to 1023 bytes into a region of size 1022 [-Wformat-truncation=]
  300 |                 snprintf(buffer1, sizeof(buffer1), "%s \"%s\"", command, buffer2);
      |                                                          ^~              ~~~~~~~
In file included from /usr/include/stdio.h:867,
                 from /home/brainlet/software/webcam/mjpg-streamer-experimental/plugins/output_file/output_file.c:22:
/usr/include/arm-linux-gnueabihf/bits/stdio2.h:67:10: note: ‘__builtin___snprintf_chk’ output 4 or more bytes (assuming 1027) into a destination of size 1024
   67 |   return __builtin___snprintf_chk (__s, __n, __USE_FORTIFY_LEVEL - 1,
      |          ^~~~~~~~~~~~~~~~~~~~~~~~~~~~~~~~~~~~~~~~~~~~~~~~~~~~~~~~~~~~
   68 |        __bos (__s), __fmt, __va_arg_pack ());
      |        ~~~~~~~~~~~~~~~~~~~~~~~~~~~~~~~~~~~~~
[259d23fc] 	In file included from /home/brainlet/software/webcam/mjpg-streamer-experimental/plugins/output_file/../../mjpg_streamer.h:45,
                 from /home/brainlet/software/webcam/mjpg-streamer-experimental/plugins/output_file/output_file.c:43:
/home/brainlet/software/webcam/mjpg-streamer-experimental/plugins/output_file/output_file.c:280:24: warning: ‘%s’ directive output may be truncated writing up to 1023 bytes into a region of size 999 [-Wformat-truncation=]
  280 |                 OPRINT("could not write to file %s\n", buffer2);
      |                        ^~~~~~~~~~~~~~~~~~~~~~~~~~~~~~  ~~~~~~~
/home/brainlet/software/webcam/mjpg-streamer-experimental/plugins/output_file/../../plugins/output.h:25:74: note: in definition of macro ‘OPRINT’
   25 | #define OPRINT(...) { char _bf[1024] = {0}; snprintf(_bf, sizeof(_bf)-1, __VA_ARGS__); fprintf(stderr, "%s", OUTPUT_PLUGIN_PREFIX); fprintf(stderr, "%s", _bf); syslog(LOG_INFO, "%s", _bf); }
      |                                                                          ^~~~~~~~~~~
/home/brainlet/software/webcam/mjpg-streamer-experimental/plugins/output_file/output_file.c:280:49: note: format string is defined here
  280 |                 OPRINT("could not write to file %s\n", buffer2);
      |                                                 ^~
In file included from /usr/include/stdio.h:867,
                 from /home/brainlet/software/webcam/mjpg-streamer-experimental/plugins/output_file/output_file.c:22:
/usr/include/arm-linux-gnueabihf/bits/stdio2.h:67:10: note: ‘__builtin___snprintf_chk’ output between 26 and 1049 bytes into a destination of size 1023
   67 |   return __builtin___snprintf_chk (__s, __n, __USE_FORTIFY_LEVEL - 1,
      |          ^~~~~~~~~~~~~~~~~~~~~~~~~~~~~~~~~~~~~~~~~~~~~~~~~~~~~~~~~~~~
   68 |        __bos (__s), __fmt, __va_arg_pack ());
      |        ~~~~~~~~~~~~~~~~~~~~~~~~~~~~~~~~~~~~~
[259d23fc] 	In file included from /home/brainlet/software/webcam/mjpg-streamer-experimental/plugins/output_file/../../mjpg_streamer.h:45,
                 from /home/brainlet/software/webcam/mjpg-streamer-experimental/plugins/output_file/output_file.c:43:
/home/brainlet/software/webcam/mjpg-streamer-experimental/plugins/output_file/output_file.c:274:24: warning: ‘%s’ directive output may be truncated writing up to 1023 bytes into a region of size 999 [-Wformat-truncation=]
  274 |                 OPRINT("could not open the file %s\n", buffer2);
      |                        ^~~~~~~~~~~~~~~~~~~~~~~~~~~~~~  ~~~~~~~
/home/brainlet/software/webcam/mjpg-streamer-experimental/plugins/output_file/../../plugins/output.h:25:74: note: in definition of macro ‘OPRINT’
   25 | #define OPRINT(...) { char _bf[1024] = {0}; snprintf(_bf, sizeof(_bf)-1, __VA_ARGS__); fprintf(stderr, "%s", OUTPUT_PLUGIN_PREFIX); fprintf(stderr, "%s", _bf); syslog(LOG_INFO, "%s", _bf); }
      |                                                                          ^~~~~~~~~~~
[259d23fc] 	/home/brainlet/software/webcam/mjpg-streamer-experimental/plugins/output_file/output_file.c:274:49: note: format string is defined here
  274 |                 OPRINT("could not open the file %s\n", buffer2);
      |                                                 ^~
In file included from /usr/include/stdio.h:867,
                 from /home/brainlet/software/webcam/mjpg-streamer-experimental/plugins/output_file/output_file.c:22:
/usr/include/arm-linux-gnueabihf/bits/stdio2.h:67:10: note: ‘__builtin___snprintf_chk’ output between 26 and 1049 bytes into a destination of size 1023
   67 |   return __builtin___snprintf_chk (__s, __n, __USE_FORTIFY_LEVEL - 1,
      |          ^~~~~~~~~~~~~~~~~~~~~~~~~~~~~~~~~~~~~~~~~~~~~~~~~~~~~~~~~~~~
   68 |        __bos (__s), __fmt, __va_arg_pack ());
      |        ~~~~~~~~~~~~~~~~~~~~~~~~~~~~~~~~~~~~~
[259d23fc] 	[ 69%] Linking C shared library output_file.so
[259d23fc] 	make[3]: Leaving directory '/home/brainlet/software/webcam/mjpg-streamer-experimental/_build'
[259d23fc] 	[ 69%] Built target output_file
[259d23fc] 	make[3]: Entering directory '/home/brainlet/software/webcam/mjpg-streamer-experimental/_build'
[259d23fc] 	Scanning dependencies of target output_http
[259d23fc] 	make[3]: Leaving directory '/home/brainlet/software/webcam/mjpg-streamer-experimental/_build'
[259d23fc] 	make[3]: Entering directory '/home/brainlet/software/webcam/mjpg-streamer-experimental/_build'
[259d23fc] 	[ 73%] Building C object plugins/output_http/CMakeFiles/output_http.dir/httpd.c.o
[259d23fc] 	/home/brainlet/software/webcam/mjpg-streamer-experimental/plugins/output_http/httpd.c: In function ‘send_input_JSON’:
/home/brainlet/software/webcam/mjpg-streamer-experimental/plugins/output_http/httpd.c:1740:38: warning: ‘%d’ directive writing between 1 and 10 bytes into a region of size 6 [-Wformat-overflow=]
 1740 |                 sprintf(buffer_num, "%d", j);
      |                                      ^~
[259d23fc] 	/home/brainlet/software/webcam/mjpg-streamer-experimental/plugins/output_http/httpd.c:1740:37: note: directive argument in the range [0, 2147483647]
 1740 |                 sprintf(buffer_num, "%d", j);
      |                                     ^~~~
In file included from /usr/include/stdio.h:867,
                 from /home/brainlet/software/webcam/mjpg-streamer-experimental/plugins/output_http/httpd.c:28:
/usr/include/arm-linux-gnueabihf/bits/stdio2.h:36:10: note: ‘__builtin___sprintf_chk’ output between 2 and 11 bytes into a destination of size 6
   36 |   return __builtin___sprintf_chk (__s, __USE_FORTIFY_LEVEL - 1,
      |          ^~~~~~~~~~~~~~~~~~~~~~~~~~~~~~~~~~~~~~~~~~~~~~~~~~~~~~
   37 |       __bos (__s), __fmt, __va_arg_pack ());
      |       ~~~~~~~~~~~~~~~~~~~~~~~~~~~~~~~~~~~~~
[259d23fc] 	[ 78%] Building C object plugins/output_http/CMakeFiles/output_http.dir/output_http.c.o
[259d23fc] 	[ 82%] Linking C shared library output_http.so
[259d23fc] 	make[3]: Leaving directory '/home/brainlet/software/webcam/mjpg-streamer-experimental/_build'
[259d23fc] 	[ 82%] Built target output_http
[259d23fc] 	make[3]: Entering directory '/home/brainlet/software/webcam/mjpg-streamer-experimental/_build'
[259d23fc] 	Scanning dependencies of target output_rtsp
[259d23fc] 	make[3]: Leaving directory '/home/brainlet/software/webcam/mjpg-streamer-experimental/_build'
[259d23fc] 	make[3]: Entering directory '/home/brainlet/software/webcam/mjpg-streamer-experimental/_build'
[259d23fc] 	[ 86%] Building C object plugins/output_rtsp/CMakeFiles/output_rtsp.dir/output_rtsp.c.o
[259d23fc] 	In file included from /home/brainlet/software/webcam/mjpg-streamer-experimental/plugins/output_rtsp/../../mjpg_streamer.h:45,
                 from /home/brainlet/software/webcam/mjpg-streamer-experimental/plugins/output_rtsp/output_rtsp.c:55:
/home/brainlet/software/webcam/mjpg-streamer-experimental/plugins/output_rtsp/output_rtsp.c: In function ‘worker_thread’:
[259d23fc] 	/home/brainlet/software/webcam/mjpg-streamer-experimental/plugins/output_rtsp/output_rtsp.c:198:24: warning: ‘%s’ directive output may be truncated writing up to 1023 bytes into a region of size 999 [-Wformat-truncation=]
  198 |                 OPRINT("could not write to file %s\n", udpbuffer);
      |                        ^~~~~~~~~~~~~~~~~~~~~~~~~~~~~~  ~~~~~~~~~
/home/brainlet/software/webcam/mjpg-streamer-experimental/plugins/output_rtsp/../../plugins/output.h:25:74: note: in definition of macro ‘OPRINT’
   25 | #define OPRINT(...) { char _bf[1024] = {0}; snprintf(_bf, sizeof(_bf)-1, __VA_ARGS__); fprintf(stderr, "%s", OUTPUT_PLUGIN_PREFIX); fprintf(stderr, "%s", _bf); syslog(LOG_INFO, "%s", _bf); }
      |                                                                          ^~~~~~~~~~~
/home/brainlet/software/webcam/mjpg-streamer-experimental/plugins/output_rtsp/output_rtsp.c:198:49: note: format string is defined here
  198 |                 OPRINT("could not write to file %s\n", udpbuffer);
      |                                                 ^~
In file included from /usr/include/stdio.h:867,
                 from /home/brainlet/software/webcam/mjpg-streamer-experimental/plugins/output_rtsp/output_rtsp.c:33:
/usr/include/arm-linux-gnueabihf/bits/stdio2.h:67:10: note: ‘__builtin___snprintf_chk’ output between 26 and 1049 bytes into a destination of size 1023
   67 |   return __builtin___snprintf_chk (__s, __n, __USE_FORTIFY_LEVEL - 1,
      |          ^~~~~~~~~~~~~~~~~~~~~~~~~~~~~~~~~~~~~~~~~~~~~~~~~~~~~~~~~~~~
   68 |        __bos (__s), __fmt, __va_arg_pack ());
      |        ~~~~~~~~~~~~~~~~~~~~~~~~~~~~~~~~~~~~~
[259d23fc] 	In file included from /home/brainlet/software/webcam/mjpg-streamer-experimental/plugins/output_rtsp/../../mjpg_streamer.h:45,
                 from /home/brainlet/software/webcam/mjpg-streamer-experimental/plugins/output_rtsp/output_rtsp.c:55:
/home/brainlet/software/webcam/mjpg-streamer-experimental/plugins/output_rtsp/output_rtsp.c:192:24: warning: ‘%s’ directive output may be truncated writing up to 1023 bytes into a region of size 999 [-Wformat-truncation=]
  192 |                 OPRINT("could not open the file %s\n", udpbuffer);
      |                        ^~~~~~~~~~~~~~~~~~~~~~~~~~~~~~  ~~~~~~~~~
/home/brainlet/software/webcam/mjpg-streamer-experimental/plugins/output_rtsp/../../plugins/output.h:25:74: note: in definition of macro ‘OPRINT’
   25 | #define OPRINT(...) { char _bf[1024] = {0}; snprintf(_bf, sizeof(_bf)-1, __VA_ARGS__); fprintf(stderr, "%s", OUTPUT_PLUGIN_PREFIX); fprintf(stderr, "%s", _bf); syslog(LOG_INFO, "%s", _bf); }
      |                                                                          ^~~~~~~~~~~
/home/brainlet/software/webcam/mjpg-streamer-experimental/plugins/output_rtsp/output_rtsp.c:192:49: note: format string is defined here
  192 |                 OPRINT("could not open the file %s\n", udpbuffer);
      |                                                 ^~
In file included from /usr/include/stdio.h:867,
                 from /home/brainlet/software/webcam/mjpg-streamer-experimental/plugins/output_rtsp/output_rtsp.c:33:
/usr/include/arm-linux-gnueabihf/bits/stdio2.h:67:10: note: ‘__builtin___snprintf_chk’ output between 26 and 1049 bytes into a destination of size 1023
   67 |   return __builtin___snprintf_chk (__s, __n, __USE_FORTIFY_LEVEL - 1,
      |          ^~~~~~~~~~~~~~~~~~~~~~~~~~~~~~~~~~~~~~~~~~~~~~~~~~~~~~~~~~~~
   68 |        __bos (__s), __fmt, __va_arg_pack ());
      |        ~~~~~~~~~~~~~~~~~~~~~~~~~~~~~~~~~~~~~
[259d23fc] 	[ 91%] Linking C shared library output_rtsp.so
[259d23fc] 	make[3]: Leaving directory '/home/brainlet/software/webcam/mjpg-streamer-experimental/_build'
[259d23fc] 	[ 91%] Built target output_rtsp
[259d23fc] 	make[3]: Entering directory '/home/brainlet/software/webcam/mjpg-streamer-experimental/_build'
[259d23fc] 	Scanning dependencies of target output_udp
[259d23fc] 	make[3]: Leaving directory '/home/brainlet/software/webcam/mjpg-streamer-experimental/_build'
[259d23fc] 	make[3]: Entering directory '/home/brainlet/software/webcam/mjpg-streamer-experimental/_build'
[259d23fc] 	[ 95%] Building C object plugins/output_udp/CMakeFiles/output_udp.dir/output_udp.c.o
[259d23fc] 	In file included from /home/brainlet/software/webcam/mjpg-streamer-experimental/plugins/output_udp/../../mjpg_streamer.h:45,
                 from /home/brainlet/software/webcam/mjpg-streamer-experimental/plugins/output_udp/output_udp.c:54:
/home/brainlet/software/webcam/mjpg-streamer-experimental/plugins/output_udp/output_udp.c: In function ‘worker_thread’:
[259d23fc] 	/home/brainlet/software/webcam/mjpg-streamer-experimental/plugins/output_udp/output_udp.c:194:24: warning: ‘%s’ directive output may be truncated writing up to 1023 bytes into a region of size 999 [-Wformat-truncation=]
  194 |                 OPRINT("could not write to file %s\n", udpbuffer);
      |                        ^~~~~~~~~~~~~~~~~~~~~~~~~~~~~~  ~~~~~~~~~
/home/brainlet/software/webcam/mjpg-streamer-experimental/plugins/output_udp/../../plugins/output.h:25:74: note: in definition of macro ‘OPRINT’
   25 | #define OPRINT(...) { char _bf[1024] = {0}; snprintf(_bf, sizeof(_bf)-1, __VA_ARGS__); fprintf(stderr, "%s", OUTPUT_PLUGIN_PREFIX); fprintf(stderr, "%s", _bf); syslog(LOG_INFO, "%s", _bf); }
      |                                                                          ^~~~~~~~~~~
/home/brainlet/software/webcam/mjpg-streamer-experimental/plugins/output_udp/output_udp.c:194:49: note: format string is defined here
  194 |                 OPRINT("could not write to file %s\n", udpbuffer);
      |                                                 ^~
In file included from /usr/include/stdio.h:867,
                 from /home/brainlet/software/webcam/mjpg-streamer-experimental/plugins/output_udp/output_udp.c:33:
/usr/include/arm-linux-gnueabihf/bits/stdio2.h:67:10: note: ‘__builtin___snprintf_chk’ output between 26 and 1049 bytes into a destination of size 1023
   67 |   return __builtin___snprintf_chk (__s, __n, __USE_FORTIFY_LEVEL - 1,
      |          ^~~~~~~~~~~~~~~~~~~~~~~~~~~~~~~~~~~~~~~~~~~~~~~~~~~~~~~~~~~~
   68 |        __bos (__s), __fmt, __va_arg_pack ());
      |        ~~~~~~~~~~~~~~~~~~~~~~~~~~~~~~~~~~~~~
[259d23fc] 	In file included from /home/brainlet/software/webcam/mjpg-streamer-experimental/plugins/output_udp/../../mjpg_streamer.h:45,
                 from /home/brainlet/software/webcam/mjpg-streamer-experimental/plugins/output_udp/output_udp.c:54:
/home/brainlet/software/webcam/mjpg-streamer-experimental/plugins/output_udp/output_udp.c:188:24: warning: ‘%s’ directive output may be truncated writing up to 1023 bytes into a region of size 999 [-Wformat-truncation=]
  188 |                 OPRINT("could not open the file %s\n", udpbuffer);
      |                        ^~~~~~~~~~~~~~~~~~~~~~~~~~~~~~  ~~~~~~~~~
/home/brainlet/software/webcam/mjpg-streamer-experimental/plugins/output_udp/../../plugins/output.h:25:74: note: in definition of macro ‘OPRINT’
   25 | #define OPRINT(...) { char _bf[1024] = {0}; snprintf(_bf, sizeof(_bf)-1, __VA_ARGS__); fprintf(stderr, "%s", OUTPUT_PLUGIN_PREFIX); fprintf(stderr, "%s", _bf); syslog(LOG_INFO, "%s", _bf); }
      |                                                                          ^~~~~~~~~~~
/home/brainlet/software/webcam/mjpg-streamer-experimental/plugins/output_udp/output_udp.c:188:49: note: format string is defined here
  188 |                 OPRINT("could not open the file %s\n", udpbuffer);
      |                                                 ^~
[259d23fc] 	In file included from /usr/include/stdio.h:867,
                 from /home/brainlet/software/webcam/mjpg-streamer-experimental/plugins/output_udp/output_udp.c:33:
/usr/include/arm-linux-gnueabihf/bits/stdio2.h:67:10: note: ‘__builtin___snprintf_chk’ output between 26 and 1049 bytes into a destination of size 1023
   67 |   return __builtin___snprintf_chk (__s, __n, __USE_FORTIFY_LEVEL - 1,
      |          ^~~~~~~~~~~~~~~~~~~~~~~~~~~~~~~~~~~~~~~~~~~~~~~~~~~~~~~~~~~~
   68 |        __bos (__s), __fmt, __va_arg_pack ());
      |        ~~~~~~~~~~~~~~~~~~~~~~~~~~~~~~~~~~~~~
/home/brainlet/software/webcam/mjpg-streamer-experimental/plugins/output_udp/output_udp.c:211:54: warning: ‘%s’ directive output may be truncated writing up to 1023 bytes into a region of size 1022 [-Wformat-truncation=]
  211 |             snprintf(buffer1, sizeof(buffer1), "%s \"%s\"", command, udpbuffer);
      |                                                      ^~              ~~~~~~~~~
[259d23fc] 	In file included from /usr/include/stdio.h:867,
                 from /home/brainlet/software/webcam/mjpg-streamer-experimental/plugins/output_udp/output_udp.c:33:
/usr/include/arm-linux-gnueabihf/bits/stdio2.h:67:10: note: ‘__builtin___snprintf_chk’ output 4 or more bytes (assuming 1027) into a destination of size 1024
   67 |   return __builtin___snprintf_chk (__s, __n, __USE_FORTIFY_LEVEL - 1,
      |          ^~~~~~~~~~~~~~~~~~~~~~~~~~~~~~~~~~~~~~~~~~~~~~~~~~~~~~~~~~~~
   68 |        __bos (__s), __fmt, __va_arg_pack ());
      |        ~~~~~~~~~~~~~~~~~~~~~~~~~~~~~~~~~~~~~
[259d23fc] 	[100%] Linking C shared library output_udp.so
[259d23fc] 	make[3]: Leaving directory '/home/brainlet/software/webcam/mjpg-streamer-experimental/_build'
[259d23fc] 	[100%] Built target output_udp
[259d23fc] 	make[2]: Leaving directory '/home/brainlet/software/webcam/mjpg-streamer-experimental/_build'
[259d23fc] 	make[1]: Leaving directory '/home/brainlet/software/webcam/mjpg-streamer-experimental/_build'
[259d23fc] Finished in 43.167 seconds with exit status 0 (successful)
[73c13425] Running make install
[73c13425] 	make -C _build install
[73c13425] 	make[1]: Entering directory '/home/brainlet/software/webcam/mjpg-streamer-experimental/_build'
[73c13425] 	make[2]: Entering directory '/home/brainlet/software/webcam/mjpg-streamer-experimental/_build'
[73c13425] 	make[3]: Entering directory '/home/brainlet/software/webcam/mjpg-streamer-experimental/_build'
[73c13425] 	make[3]: Leaving directory '/home/brainlet/software/webcam/mjpg-streamer-experimental/_build'
[73c13425] 	[ 13%] Built target mjpg_streamer
[73c13425] 	make[3]: Entering directory '/home/brainlet/software/webcam/mjpg-streamer-experimental/_build'
[73c13425] 	make[3]: Leaving directory '/home/brainlet/software/webcam/mjpg-streamer-experimental/_build'
[73c13425] 	[ 21%] Built target input_file
[73c13425] 	make[3]: Entering directory '/home/brainlet/software/webcam/mjpg-streamer-experimental/_build'
[73c13425] 	make[3]: Leaving directory '/home/brainlet/software/webcam/mjpg-streamer-experimental/_build'
[73c13425] 	[ 39%] Built target input_http
[73c13425] 	make[3]: Entering directory '/home/brainlet/software/webcam/mjpg-streamer-experimental/_build'
[73c13425] 	make[3]: Leaving directory '/home/brainlet/software/webcam/mjpg-streamer-experimental/_build'
[73c13425] 	[ 60%] Built target input_uvc
[73c13425] 	make[3]: Entering directory '/home/brainlet/software/webcam/mjpg-streamer-experimental/_build'
[73c13425] 	make[3]: Leaving directory '/home/brainlet/software/webcam/mjpg-streamer-experimental/_build'
[73c13425] 	[ 69%] Built target output_file
[73c13425] 	make[3]: Entering directory '/home/brainlet/software/webcam/mjpg-streamer-experimental/_build'
[73c13425] 	make[3]: Leaving directory '/home/brainlet/software/webcam/mjpg-streamer-experimental/_build'
[73c13425] 	[ 82%] Built target output_http
[73c13425] 	make[3]: Entering directory '/home/brainlet/software/webcam/mjpg-streamer-experimental/_build'
[73c13425] 	make[3]: Leaving directory '/home/brainlet/software/webcam/mjpg-streamer-experimental/_build'
[73c13425] 	[ 91%] Built target output_rtsp
[73c13425] 	make[3]: Entering directory '/home/brainlet/software/webcam/mjpg-streamer-experimental/_build'
[73c13425] 	make[3]: Leaving directory '/home/brainlet/software/webcam/mjpg-streamer-experimental/_build'
[73c13425] 	[100%] Built target output_udp
[73c13425] 	make[2]: Leaving directory '/home/brainlet/software/webcam/mjpg-streamer-experimental/_build'
[73c13425] 	Install the project...
[73c13425] 	-- Install configuration: "Release"
[73c13425] 	-- Installing: /usr/local/bin/mjpg_streamer
[73c13425] 	-- Set runtime path of "/usr/local/bin/mjpg_streamer" to "/usr/local/lib/mjpg-streamer"
[73c13425] 	-- Up-to-date: /usr/local/share/mjpg-streamer/www
[73c13425] 	-- Installing: /usr/local/share/mjpg-streamer/www/jquery.rotate.js
[73c13425] 	-- Installing: /usr/local/share/mjpg-streamer/www/jquery.ui.custom.css
[73c13425] 	-- Installing: /usr/local/share/mjpg-streamer/www/rotateicons.png
[73c13425] 	-- Installing: /usr/local/share/mjpg-streamer/www/jquery.ui.tabs.min.js
[73c13425] 	-- Installing: /usr/local/share/mjpg-streamer/www/JQuerySpinBtn.css
[73c13425] 	-- Installing: /usr/local/share/mjpg-streamer/www/jquery.js
[73c13425] 	-- Installing: /usr/local/share/mjpg-streamer/www/control.htm
[73c13425] 	-- Installing: /usr/local/share/mjpg-streamer/www/favicon.png
[73c13425] 	-- Installing: /usr/local/share/mjpg-streamer/www/jquery.ui.core.min.js
[73c13425] 	-- Installing: /usr/local/share/mjpg-streamer/www/LICENSE.txt
[73c13425] 	-- Installing: /usr/local/share/mjpg-streamer/www/java_simple.html
[73c13425] 	-- Installing: /usr/local/share/mjpg-streamer/www/style.css
[73c13425] 	-- Installing: /usr/local/share/mjpg-streamer/www/JQuerySpinBtn.js
[73c13425] 	-- Installing: /usr/local/share/mjpg-streamer/www/java_control.html
[73c13425] 	-- Installing: /usr/local/share/mjpg-streamer/www/javascript.html
[73c13425] 	-- Installing: /usr/local/share/mjpg-streamer/www/stream_simple.html
[73c13425] 	-- Installing: /usr/local/share/mjpg-streamer/www/favicon.ico
[73c13425] 	-- Installing: /usr/local/share/mjpg-streamer/www/cambozola.jar
[73c13425] 	-- Installing: /usr/local/share/mjpg-streamer/www/bodybg.gif
[73c13425] 	-- Installing: /usr/local/share/mjpg-streamer/www/fix.css
[73c13425] 	-- Installing: /usr/local/share/mjpg-streamer/www/index.html
[73c13425] 	-- Installing: /usr/local/share/mjpg-streamer/www/stream.html
[73c13425] 	-- Installing: /usr/local/share/mjpg-streamer/www/javascript_simple.html
[73c13425] 	-- Installing: /usr/local/share/mjpg-streamer/www/videolan.html
[73c13425] 	-- Installing: /usr/local/share/mjpg-streamer/www/static_simple.html
[73c13425] 	-- Installing: /usr/local/share/mjpg-streamer/www/sidebarbg.gif
[73c13425] 	-- Installing: /usr/local/share/mjpg-streamer/www/example.jpg
[73c13425] 	-- Installing: /usr/local/share/mjpg-streamer/www/jquery.ui.widget.min.js
[73c13425] 	-- Installing: /usr/local/share/mjpg-streamer/www/static.html
[73c13425] 	-- Installing: /usr/local/share/mjpg-streamer/www/spinbtn_updn.gif
[73c13425] 	-- Installing: /usr/local/share/mjpg-streamer/www/javascript_motiondetection.html
[73c13425] 	-- Installing: /usr/local/share/mjpg-streamer/www/functions.js
[73c13425] 	-- Installing: /usr/local/share/mjpg-streamer/www/java.html
[73c13425] 	-- Installing: /usr/local/lib/mjpg-streamer/input_file.so
[73c13425] 	-- Installing: /usr/local/lib/mjpg-streamer/input_http.so
[73c13425] 	-- Installing: /usr/local/lib/mjpg-streamer/input_uvc.so
[73c13425] 	-- Installing: /usr/local/lib/mjpg-streamer/output_file.so
[73c13425] 	-- Installing: /usr/local/lib/mjpg-streamer/output_http.so
[73c13425] 	-- Installing: /usr/local/lib/mjpg-streamer/output_rtsp.so
[73c13425] 	-- Installing: /usr/local/lib/mjpg-streamer/output_udp.so
[73c13425] 	make[1]: Leaving directory '/home/brainlet/software/webcam/mjpg-streamer-experimental/_build'
[73c13425] Finished in 2.063 seconds with exit status 0 (successful)
[ccf1f143] Running /home/brainlet/software/klipper-env/bin/python2 /home/brainlet/software/klipper/klippy/chelper/__init__.py
[ccf1f143] Finished in 25.848 seconds with exit status 0 (successful)
[2a4fc1a7] Running chown -R brainlet:brainlet /home/brainlet
[2a4fc1a7] Finished in 0.265 seconds with exit status 0 (successful)
