# Logfile created on 2020-12-04 16:48:34 -0800 by logger.rb/v1.4.2
[f8ff08a4] Running which python2
[f8ff08a4] 	/usr/bin/python2
[f8ff08a4] Finished in 0.014 seconds with exit status 0 (successful)
[60b8ffb9] Running mkdir -p sdcard logs configs software
[60b8ffb9] Finished in 0.016 seconds with exit status 0 (successful)
[248ff008] Running apt install --yes git libv4l-dev cmake libffi-dev build-essential libncurses-dev libusb-dev avrdude gcc-avr binutils-avr avr-libc python3-virtualenv python3-dev libjpeg-dev
[248ff008] 	
WARNING: apt does not have a stable CLI interface. Use with caution in scripts.

[248ff008] 	Reading package lists...
[248ff008] 	
[248ff008] 	Building dependency tree...
[248ff008] 	
Reading state information...
[248ff008] 	
[248ff008] 	cmake is already the newest version (3.16.3-1ubuntu1).
git is already the newest version (1:2.25.1-1ubuntu3).
libffi-dev is already the newest version (3.3-4).
libjpeg-dev is already the newest version (8c-2ubuntu8).
libncurses-dev is already the newest version (6.2-0ubuntu2).
libusb-dev is already the newest version (2:0.1.12-32).
libv4l-dev is already the newest version (1.18.0-2build1).
python3-dev is already the newest version (3.8.2-0ubuntu2).
avr-libc is already the newest version (1:2.0.0+Atmel3.6.1-2).
avrdude is already the newest version (6.3-20171130+svn1429-2).
binutils-avr is already the newest version (2.26.20160125+Atmel3.6.2-1).
gcc-avr is already the newest version (1:5.4.0+Atmel3.6.1-2build1).
python3-virtualenv is already the newest version (20.0.17-1).
build-essential is already the newest version (12.8ubuntu1.1).
0 upgraded, 0 newly installed, 0 to remove and 89 not upgraded.
[248ff008] Finished in 7.005 seconds with exit status 0 (successful)
[3f7add55] Running rm -rf klipper
[3f7add55] Finished in 0.012 seconds with exit status 0 (successful)
[975eab63] Running git clone --depth 1 https://github.com/KevinOConnor/klipper klipper
[975eab63] 	Cloning into 'klipper'...
[975eab63] 	Updating files:  73% (936/1268)
[975eab63] 	Updating files:  74% (939/1268)
[975eab63] 	Updating files:  75% (951/1268)
[975eab63] 	Updating files:  76% (964/1268)
[975eab63] 	Updating files:  77% (977/1268)
[975eab63] 	Updating files:  78% (990/1268)
[975eab63] 	Updating files:  79% (1002/1268)
[975eab63] 	Updating files:  80% (1015/1268)
[975eab63] 	Updating files:  81% (1028/1268)
[975eab63] 	Updating files:  82% (1040/1268)
[975eab63] 	Updating files:  83% (1053/1268)
[975eab63] 	Updating files:  84% (1066/1268)
[975eab63] 	Updating files:  85% (1078/1268)
[975eab63] 	Updating files:  86% (1091/1268)
[975eab63] 	Updating files:  87% (1104/1268)
[975eab63] 	Updating files:  88% (1116/1268)
[975eab63] 	Updating files:  89% (1129/1268)
[975eab63] 	Updating files:  90% (1142/1268)
[975eab63] 	Updating files:  91% (1154/1268)
[975eab63] 	Updating files:  92% (1167/1268)
[975eab63] 	Updating files:  93% (1180/1268)
[975eab63] 	Updating files:  94% (1192/1268)
[975eab63] 	Updating files:  95% (1205/1268)
[975eab63] 	Updating files:  96% (1218/1268)
[975eab63] 	Updating files:  97% (1230/1268)
[975eab63] 	Updating files:  98% (1243/1268)
[975eab63] 	Updating files:  99% (1256/1268)
[975eab63] 	Updating files: 100% (1268/1268)
[975eab63] 	Updating files: 100% (1268/1268), done.
[975eab63] Finished in 8.392 seconds with exit status 0 (successful)
[d1665b85] Running rm -rf klipper-env
[d1665b85] Finished in 0.012 seconds with exit status 0 (successful)
[1f2c7e3e] Running virtualenv -p python2 /home/brainlet/software/klipper-env
[1f2c7e3e] 	created virtual environment CPython2.7.18.final.0-32 in 4811ms
  creator CPython2Posix(dest=/home/brainlet/software/klipper-env, clear=False, global=False)
  seeder FromAppData(download=False, html5lib=latest, requests=latest, packaging=latest, six=latest, setuptools=latest, contextlib2=latest, certifi=latest, progress=latest, CacheControl=latest, distlib=latest, retrying=latest, chardet=latest, lockfile=latest, webencodings=latest, pep517=latest, idna=latest, pytoml=latest, urllib3=latest, distro=latest, pkg_resources=latest, ipaddr=latest, colorama=latest, pyparsing=latest, msgpack=latest, wheel=latest, pip=latest, appdirs=latest, via=copy, app_data_dir=/root/.local/share/virtualenv/seed-app-data/v1.0.1.debian)
  activators BashActivator,CShellActivator,FishActivator,PowerShellActivator,PythonActivator
[1f2c7e3e] Finished in 8.829 seconds with exit status 0 (successful)
[b4d79797] Running ./pip install --upgrade setuptools
[b4d79797] 	DEPRECATION: Python 2.7 reached the end of its life on January 1st, 2020. Please upgrade your Python as Python 2.7 is no longer maintained. A future version of pip will drop support for Python 2.7. More details about Python 2 support in pip, can be found at https://pip.pypa.io/en/latest/development/release-process/#python-2-support
[b4d79797] 	Collecting setuptools
[b4d79797] 	  Using cached setuptools-44.1.1-py2.py3-none-any.whl (583 kB)
[b4d79797] 	Installing collected packages: setuptools
[b4d79797] 	  Attempting uninstall: setuptools
[b4d79797] 	    Found existing installation: setuptools 44.0.0
[b4d79797] 	    Uninstalling setuptools-44.0.0:
[b4d79797] 	      Successfully uninstalled setuptools-44.0.0
[b4d79797] 	Successfully installed setuptools-44.1.1
[b4d79797] Finished in 22.748 seconds with exit status 0 (successful)
[c9f377b4] Running ./pip install -r /home/brainlet/software/klipper/scripts/klippy-requirements.txt
[c9f377b4] 	DEPRECATION: Python 2.7 reached the end of its life on January 1st, 2020. Please upgrade your Python as Python 2.7 is no longer maintained. A future version of pip will drop support for Python 2.7. More details about Python 2 support in pip, can be found at https://pip.pypa.io/en/latest/development/release-process/#python-2-support
[c9f377b4] 	Processing /root/.cache/pip/wheels/de/e1/b9/c63d9dddb8bf24b010273a0e9749838e2d69e765807700b708/cffi-1.12.2-cp27-cp27mu-linux_armv7l.whl
[c9f377b4] 	Collecting pyserial==3.4
[c9f377b4] 	  Using cached pyserial-3.4-py2.py3-none-any.whl (193 kB)
[c9f377b4] 	Processing /root/.cache/pip/wheels/3f/e6/02/74f0984bdb2da68f7e101762ade672f06c09f145d821d0a8ff/greenlet-0.4.15-cp27-cp27mu-linux_armv7l.whl
[c9f377b4] 	Collecting Jinja2==2.10.1
[c9f377b4] 	  Using cached Jinja2-2.10.1-py2.py3-none-any.whl (124 kB)
[c9f377b4] 	Collecting pycparser
[c9f377b4] 	  Using cached pycparser-2.20-py2.py3-none-any.whl (112 kB)
[c9f377b4] 	Processing /root/.cache/pip/wheels/4d/4b/bf/cce593b6a13cd17b3bf2452827317fc68dfa4c61655596028c/MarkupSafe-1.1.1-cp27-cp27mu-linux_armv7l.whl
[c9f377b4] 	Installing collected packages: pycparser, cffi, pyserial, greenlet, MarkupSafe, Jinja2
[c9f377b4] 	Successfully installed Jinja2-2.10.1 MarkupSafe-1.1.1 cffi-1.12.2 greenlet-0.4.15 pycparser-2.20 pyserial-3.4
[c9f377b4] Finished in 15.299 seconds with exit status 0 (successful)
[68325b8e] Running rm -rf moonraker
[68325b8e] Finished in 0.017 seconds with exit status 0 (successful)
[8c98b236] Running git clone --depth 1 https://github.com/Arksine/moonraker moonraker
[8c98b236] 	Cloning into 'moonraker'...
[8c98b236] Finished in 1.844 second with exit status 0 (successful)
[33cd157f] Running rm -rf moonraker-env
[33cd157f] Finished in 0.012 seconds with exit status 0 (successful)
[a8cbbae3] Running virtualenv -p python3 /home/brainlet/software/moonraker-env
[a8cbbae3] 	created virtual environment CPython3.8.5.final.0-32 in 1967ms
  creator CPython3Posix(dest=/home/brainlet/software/moonraker-env, clear=False, global=False)
  seeder FromAppData(download=False, html5lib=latest, requests=latest, packaging=latest, six=latest, setuptools=latest, contextlib2=latest, certifi=latest, progress=latest, CacheControl=latest, distlib=latest, retrying=latest, chardet=latest, lockfile=latest, webencodings=latest, pep517=latest, idna=latest, pytoml=latest, urllib3=latest, distro=latest, pkg_resources=latest, ipaddr=latest, colorama=latest, pyparsing=latest, msgpack=latest, wheel=latest, pip=latest, appdirs=latest, via=copy, app_data_dir=/root/.local/share/virtualenv/seed-app-data/v1.0.1.debian)
  activators BashActivator,CShellActivator,FishActivator,PowerShellActivator,PythonActivator,XonshActivator
[a8cbbae3] Finished in 3.780 seconds with exit status 0 (successful)
[d8f46176] Running ./pip install -r /home/brainlet/software/moonraker/scripts/moonraker-requirements.txt
[d8f46176] 	Processing /root/.cache/pip/wheels/6f/c2/a9/adcb8514b044bbf29d20a89d9a6be2549773d0d44666893112/tornado-6.1-cp38-cp38-linux_armv7l.whl
[d8f46176] 	Collecting pyserial==3.4
[d8f46176] 	  Using cached pyserial-3.4-py2.py3-none-any.whl (193 kB)
[d8f46176] 	Processing /root/.cache/pip/wheels/cd/53/c5/5e047cc29275be11cb6041db3f3657692c48c53235ae2bd0e6/Pillow-8.0.1-cp38-cp38-linux_armv7l.whl
[d8f46176] 	Installing collected packages: tornado, pyserial, pillow
[d8f46176] 	Successfully installed pillow-8.0.1 pyserial-3.4 tornado-6.1
[d8f46176] Finished in 20.160 seconds with exit status 0 (successful)
[db5431d1] Running rm -rf caddy
[db5431d1] Finished in 0.012 seconds with exit status 0 (successful)
[15058995] Running mkdir caddy
[15058995] Finished in 0.019 seconds with exit status 0 (successful)
[cd8b40f0] Running wget -q -O caddy.tar.gz https://github.com/caddyserver/caddy/releases/download/v2.2.1/caddy_2.2.1_linux_armv7.tar.gz
[cd8b40f0] Finished in 2.413 seconds with exit status 0 (successful)
[2d328eeb] Running tar xfs caddy.tar.gz
[2d328eeb] Finished in 2.145 seconds with exit status 0 (successful)
[d73a2ba8] Running rm -rf ./caddy.tar.gz LICENSE README.md
[d73a2ba8] Finished in 0.026 seconds with exit status 0 (successful)
[15f0f641] Running cp ./resources/caddy/caddy.service /etc/systemd/system/caddy.service
[15f0f641] Finished in 0.179 seconds with exit status 0 (successful)
[c04faee8] Running systemctl enable caddy.service
[c04faee8] Finished in 1.768 second with exit status 0 (successful)
[52acfc1f] Running systemctl stop caddy.service
[52acfc1f] Finished in 1.098 second with exit status 0 (successful)
[f9a54531] Running cp ./resources/caddy/caddy.cfg /home/brainlet/software/caddy/caddy.cfg
[f9a54531] Finished in 0.018 seconds with exit status 0 (successful)
[eba8e789] Running sed -i -e 's:$IP:10.0.0.134:g' /home/brainlet/software/caddy/caddy.cfg
[eba8e789] Finished in 0.027 seconds with exit status 0 (successful)
[468a7329] Running systemctl start caddy.service
[468a7329] Finished in 0.068 seconds with exit status 0 (successful)
[4b3c0205] Running rm -rf ui
[4b3c0205] Finished in 0.012 seconds with exit status 0 (successful)
[3f829a71] Running mkdir ui
[3f829a71] Finished in 0.014 seconds with exit status 0 (successful)
[a2e42352] Running wget -q -O ui.zip https://github.com/cadriel/fluidd/releases/download/v1.0.0/fluidd_v1.0.0.zip
[a2e42352] Finished in 1.950 second with exit status 0 (successful)
[e31a9f67] Running unzip -o ui.zip
[e31a9f67] 	Archive:  ui.zip
[e31a9f67] 	  inflating: config.json             
[e31a9f67] 	
[e31a9f67] 	   creating: css/
[e31a9f67] 	  inflating: css/app.299770e4.css    
[e31a9f67] 	
[e31a9f67] 	  inflating: css/chunk-vendors.3cc753b8.css  
[e31a9f67] 	
[e31a9f67] 	  inflating: css/bedmesh.4327fdfb.css  
[e31a9f67] 	  inflating: favicon.ico             
[e31a9f67] 	
[e31a9f67] 	   creating: img/
  inflating: img/logo.6305d36d.svg   
[e31a9f67] 	
[e31a9f67] 	   creating: img/icons/
[e31a9f67] 	 extracting: img/icons/favicon-16x16.png  
[e31a9f67] 	
[e31a9f67] 	  inflating: img/icons/safari-pinned-tab.svg  
[e31a9f67] 	
[e31a9f67] 	  inflating: img/icons/favicon.ico   
[e31a9f67] 	
[e31a9f67] 	 extracting: img/icons/apple-touch-icon-120x120.png  
[e31a9f67] 	  inflating: img/icons/android-chrome-192x192.png  
[e31a9f67] 	
[e31a9f67] 	  inflating: img/icons/apple-touch-icon.png  
[e31a9f67] 	
[e31a9f67] 	  inflating: img/icons/apple-touch-icon-152x152.png  
[e31a9f67] 	
[e31a9f67] 	  inflating: img/icons/android-chrome-maskable-512x512.png  
[e31a9f67] 	
[e31a9f67] 	  inflating: img/icons/apple-touch-icon-180x180.png  
[e31a9f67] 	
[e31a9f67] 	 extracting: img/icons/apple-touch-icon-76x76.png  
[e31a9f67] 	
  inflating: img/icons/android-chrome-512x512.png  
[e31a9f67] 	
[e31a9f67] 	  inflating: img/icons/msapplication-icon-144x144.png  
[e31a9f67] 	
[e31a9f67] 	  inflating: img/icons/mstile-150x150.png  
[e31a9f67] 	
[e31a9f67] 	  inflating: img/icons/android-chrome-maskable-192x192.png  
[e31a9f67] 	
[e31a9f67] 	 extracting: img/icons/apple-touch-icon-60x60.png  
[e31a9f67] 	
[e31a9f67] 	 extracting: img/icons/favicon-32x32.png  
[e31a9f67] 	
  inflating: index.html              
[e31a9f67] 	
[e31a9f67] 	   creating: js/
[e31a9f67] 	  inflating: js/tempchart.20048dd9.js.map  
[e31a9f67] 	
[e31a9f67] 	  inflating: js/chunk-vendors.28e16cdd.js  
[e31a9f67] 	
[e31a9f67] 	  inflating: js/tempchart.20048dd9.js  
[e31a9f67] 	
[e31a9f67] 	  inflating: js/chunk-vendors.28e16cdd.js.map  
[e31a9f67] 	
[e31a9f67] 	  inflating: js/bedmesh.c78ba5c6.js.map  
[e31a9f67] 	
[e31a9f67] 	  inflating: js/bedmesh.c78ba5c6.js  
[e31a9f67] 	
[e31a9f67] 	  inflating: js/app.d9fd48a7.js      
[e31a9f67] 	
[e31a9f67] 	  inflating: js/app.d9fd48a7.js.map  
[e31a9f67] 	
[e31a9f67] 	  inflating: manifest.json           
[e31a9f67] 	
[e31a9f67] 	  inflating: precache-manifest.79455ead9ff4e7ddee8419ad2025fe07.js  
[e31a9f67] 	
 extracting: robots.txt              
[e31a9f67] 	  inflating: service-worker.js       
[e31a9f67] 	
[e31a9f67] Finished in 0.639 seconds with exit status 0 (successful)
[b06be404] Running rm -rf ui.zip
[b06be404] Finished in 0.176 seconds with exit status 0 (successful)
[9cdbe408] Running rm -rf webcam
[9cdbe408] Finished in 0.012 seconds with exit status 0 (successful)
[f2592446] Running git clone --depth 1 https://github.com/jacksonliam/mjpg-streamer webcam
[f2592446] 	Cloning into 'webcam'...
[f2592446] Finished in 3.920 seconds with exit status 0 (successful)
[8a1ae55f] Running make
[8a1ae55f] 	[ -d _build ] || mkdir _build
[8a1ae55f] 	[ -f _build/Makefile ] || (cd _build && cmake  -DCMAKE_BUILD_TYPE=Release ..)
[8a1ae55f] 	-- The C compiler identification is GNU 9.3.0
[8a1ae55f] 	-- Check for working C compiler: /usr/bin/cc
[8a1ae55f] 	-- Check for working C compiler: /usr/bin/cc -- works
[8a1ae55f] 	-- Detecting C compiler ABI info
[8a1ae55f] 	-- Detecting C compiler ABI info - done
[8a1ae55f] 	-- Detecting C compile features
[8a1ae55f] 	-- Detecting C compile features - done
[8a1ae55f] 	CMAKE_BUILD_TYPE = Release
[8a1ae55f] 	-- Looking for include file sys/inotify.h
[8a1ae55f] 	-- Looking for include file sys/inotify.h - found
[8a1ae55f] 	CMake Warning at plugins/input_opencv/CMakeLists.txt:4 (find_package):
  By not providing "FindOpenCV.cmake" in CMAKE_MODULE_PATH this project has
  asked CMake to find a package configuration file provided by "OpenCV", but
  CMake did not find one.

  Could not find a package configuration file provided by "OpenCV" with any
  of the following names:

    OpenCVConfig.cmake
    opencv-config.cmake

  Add the installation prefix of "OpenCV" to CMAKE_PREFIX_PATH or set
  "OpenCV_DIR" to a directory containing one of the above files.  If "OpenCV"
  provides a separate development package or SDK, be sure it has been
  installed.


[8a1ae55f] 	-- Could NOT find PkgConfig (missing: PKG_CONFIG_EXECUTABLE) 
[8a1ae55f] 	-- Could NOT find GPHOTO2 (missing: GPHOTO2_LIBRARY GPHOTO2_INCLUDE_DIR) 
[8a1ae55f] 	-- Looking for include file linux/videodev2.h
[8a1ae55f] 	-- Looking for include file linux/videodev2.h - found
[8a1ae55f] 	-- Looking for pthread.h
[8a1ae55f] 	-- Looking for pthread.h - found
[8a1ae55f] 	-- Performing Test CMAKE_HAVE_LIBC_PTHREAD
[8a1ae55f] 	-- Performing Test CMAKE_HAVE_LIBC_PTHREAD - Failed
[8a1ae55f] 	-- Looking for pthread_create in pthreads
[8a1ae55f] 	-- Looking for pthread_create in pthreads - not found
[8a1ae55f] 	-- Looking for pthread_create in pthread
[8a1ae55f] 	-- Looking for pthread_create in pthread - found
[8a1ae55f] 	-- Found Threads: TRUE  
[8a1ae55f] 	-- Could NOT find SDL (missing: SDL_LIBRARY SDL_INCLUDE_DIR) 
[8a1ae55f] 	-- Could NOT find protobuf-c (missing: PROTOBUF_C_LIBRARY PROTOBUF_C_INCLUDE_DIR) 
[8a1ae55f] 	-- The following features have been enabled:

 * PLUGIN_INPUT_FILE, File input plugin
 * PLUGIN_INPUT_HTTP, HTTP input proxy plugin
 * PLUGIN_INPUT_UVC, Video 4 Linux input plugin
 * PLUGIN_OUTPUT_FILE, File output plugin
 * PLUGIN_OUTPUT_HTTP, HTTP server output plugin
 * PLUGIN_OUTPUT_RTSP, RTSP output plugin
 * PLUGIN_OUTPUT_UDP, UDP output stream plugin

-- The following OPTIONAL packages have been found:

 * Threads

-- The following features have been disabled:

 * WXP_COMPAT, Enable compatibility with WebcamXP
 * PLUGIN_INPUT_OPENCV, OpenCV input plugin (unmet dependencies)
 * PLUGIN_INPUT_RASPICAM, Raspberry Pi input camera plugin (unmet dependencies)
 * PLUGIN_INPUT_PTP2, PTP2 input plugin (unmet dependencies)
 * ENABLE_HTTP_MANAGEMENT, Enable experimental HTTP management option
 * PLUGIN_OUTPUT_VIEWER, SDL output viewer plugin (unmet dependencies)
 * PLUGIN_OUTPUT_ZMQSERVER, ZMQ Server output plugin (unmet dependencies)

-- The following OPTIONAL packages have not been found:

 * OpenCV
 * Gphoto2
 * SDL

[8a1ae55f] 	-- Configuring done
[8a1ae55f] 	-- Generating done
[8a1ae55f] 	-- Build files have been written to: /home/brainlet/software/webcam/mjpg-streamer-experimental/_build
[8a1ae55f] 	make -C _build
[8a1ae55f] 	make[1]: Entering directory '/home/brainlet/software/webcam/mjpg-streamer-experimental/_build'
[8a1ae55f] 	make[2]: Entering directory '/home/brainlet/software/webcam/mjpg-streamer-experimental/_build'
[8a1ae55f] 	make[3]: Entering directory '/home/brainlet/software/webcam/mjpg-streamer-experimental/_build'
[8a1ae55f] 	Scanning dependencies of target mjpg_streamer
[8a1ae55f] 	make[3]: Leaving directory '/home/brainlet/software/webcam/mjpg-streamer-experimental/_build'
[8a1ae55f] 	make[3]: Entering directory '/home/brainlet/software/webcam/mjpg-streamer-experimental/_build'
[8a1ae55f] 	[  4%] Building C object CMakeFiles/mjpg_streamer.dir/mjpg_streamer.c.o
[8a1ae55f] 	[  8%] Building C object CMakeFiles/mjpg_streamer.dir/utils.c.o
[8a1ae55f] 	[ 13%] Linking C executable mjpg_streamer
[8a1ae55f] 	make[3]: Leaving directory '/home/brainlet/software/webcam/mjpg-streamer-experimental/_build'
[8a1ae55f] 	[ 13%] Built target mjpg_streamer
[8a1ae55f] 	make[3]: Entering directory '/home/brainlet/software/webcam/mjpg-streamer-experimental/_build'
[8a1ae55f] 	Scanning dependencies of target input_file
[8a1ae55f] 	make[3]: Leaving directory '/home/brainlet/software/webcam/mjpg-streamer-experimental/_build'
[8a1ae55f] 	make[3]: Entering directory '/home/brainlet/software/webcam/mjpg-streamer-experimental/_build'
[8a1ae55f] 	[ 17%] Building C object plugins/input_file/CMakeFiles/input_file.dir/input_file.c.o
[8a1ae55f] 	[ 21%] Linking C shared library input_file.so
[8a1ae55f] 	make[3]: Leaving directory '/home/brainlet/software/webcam/mjpg-streamer-experimental/_build'
[8a1ae55f] 	[ 21%] Built target input_file
[8a1ae55f] 	make[3]: Entering directory '/home/brainlet/software/webcam/mjpg-streamer-experimental/_build'
[8a1ae55f] 	Scanning dependencies of target input_http
[8a1ae55f] 	make[3]: Leaving directory '/home/brainlet/software/webcam/mjpg-streamer-experimental/_build'
[8a1ae55f] 	make[3]: Entering directory '/home/brainlet/software/webcam/mjpg-streamer-experimental/_build'
[8a1ae55f] 	[ 26%] Building C object plugins/input_http/CMakeFiles/input_http.dir/input_http.c.o
[8a1ae55f] 	[ 30%] Building C object plugins/input_http/CMakeFiles/input_http.dir/misc.c.o
[8a1ae55f] 	[ 34%] Building C object plugins/input_http/CMakeFiles/input_http.dir/mjpg-proxy.c.o
[8a1ae55f] 	[ 39%] Linking C shared library input_http.so
[8a1ae55f] 	make[3]: Leaving directory '/home/brainlet/software/webcam/mjpg-streamer-experimental/_build'
[8a1ae55f] 	[ 39%] Built target input_http
[8a1ae55f] 	make[3]: Entering directory '/home/brainlet/software/webcam/mjpg-streamer-experimental/_build'
[8a1ae55f] 	Scanning dependencies of target input_uvc
[8a1ae55f] 	make[3]: Leaving directory '/home/brainlet/software/webcam/mjpg-streamer-experimental/_build'
[8a1ae55f] 	make[3]: Entering directory '/home/brainlet/software/webcam/mjpg-streamer-experimental/_build'
[8a1ae55f] 	[ 43%] Building C object plugins/input_uvc/CMakeFiles/input_uvc.dir/dynctrl.c.o
[8a1ae55f] 	[ 47%] Building C object plugins/input_uvc/CMakeFiles/input_uvc.dir/input_uvc.c.o
[8a1ae55f] 	[ 52%] Building C object plugins/input_uvc/CMakeFiles/input_uvc.dir/jpeg_utils.c.o
[8a1ae55f] 	[ 56%] Building C object plugins/input_uvc/CMakeFiles/input_uvc.dir/v4l2uvc.c.o
[8a1ae55f] 	[ 60%] Linking C shared library input_uvc.so
[8a1ae55f] 	make[3]: Leaving directory '/home/brainlet/software/webcam/mjpg-streamer-experimental/_build'
[8a1ae55f] 	[ 60%] Built target input_uvc
[8a1ae55f] 	make[3]: Entering directory '/home/brainlet/software/webcam/mjpg-streamer-experimental/_build'
[8a1ae55f] 	Scanning dependencies of target output_file
[8a1ae55f] 	make[3]: Leaving directory '/home/brainlet/software/webcam/mjpg-streamer-experimental/_build'
[8a1ae55f] 	make[3]: Entering directory '/home/brainlet/software/webcam/mjpg-streamer-experimental/_build'
[8a1ae55f] 	[ 65%] Building C object plugins/output_file/CMakeFiles/output_file.dir/output_file.c.o
[8a1ae55f] 	/home/brainlet/software/webcam/mjpg-streamer-experimental/plugins/output_file/output_file.c: In function ‘worker_thread’:
[8a1ae55f] 	/home/brainlet/software/webcam/mjpg-streamer-experimental/plugins/output_file/output_file.c:292:24: warning: ignoring return value of ‘link’, declared with attribute warn_unused_result [-Wunused-result]
  292 |                 (void) link(buffer2, buffer1);
      |                        ^~~~~~~~~~~~~~~~~~~~~~
[8a1ae55f] 	In file included from /home/brainlet/software/webcam/mjpg-streamer-experimental/plugins/output_file/../../mjpg_streamer.h:45,
                 from /home/brainlet/software/webcam/mjpg-streamer-experimental/plugins/output_file/output_file.c:43:
/home/brainlet/software/webcam/mjpg-streamer-experimental/plugins/output_file/output_file.c:329:24: warning: ‘%s’ directive output may be truncated writing up to 1023 bytes into a region of size 999 [-Wformat-truncation=]
  329 |                 OPRINT("could not write to file %s\n", buffer2);
      |                        ^~~~~~~~~~~~~~~~~~~~~~~~~~~~~~  ~~~~~~~
/home/brainlet/software/webcam/mjpg-streamer-experimental/plugins/output_file/../../plugins/output.h:25:74: note: in definition of macro ‘OPRINT’
   25 | #define OPRINT(...) { char _bf[1024] = {0}; snprintf(_bf, sizeof(_bf)-1, __VA_ARGS__); fprintf(stderr, "%s", OUTPUT_PLUGIN_PREFIX); fprintf(stderr, "%s", _bf); syslog(LOG_INFO, "%s", _bf); }
      |                                                                          ^~~~~~~~~~~
/home/brainlet/software/webcam/mjpg-streamer-experimental/plugins/output_file/output_file.c:329:49: note: format string is defined here
  329 |                 OPRINT("could not write to file %s\n", buffer2);
      |                                                 ^~
[8a1ae55f] 	In file included from /usr/include/stdio.h:867,
                 from /home/brainlet/software/webcam/mjpg-streamer-experimental/plugins/output_file/output_file.c:22:
/usr/include/arm-linux-gnueabihf/bits/stdio2.h:67:10: note: ‘__builtin___snprintf_chk’ output between 26 and 1049 bytes into a destination of size 1023
   67 |   return __builtin___snprintf_chk (__s, __n, __USE_FORTIFY_LEVEL - 1,
      |          ^~~~~~~~~~~~~~~~~~~~~~~~~~~~~~~~~~~~~~~~~~~~~~~~~~~~~~~~~~~~
   68 |        __bos (__s), __fmt, __va_arg_pack ());
      |        ~~~~~~~~~~~~~~~~~~~~~~~~~~~~~~~~~~~~~
[8a1ae55f] 	/home/brainlet/software/webcam/mjpg-streamer-experimental/plugins/output_file/output_file.c:300:58: warning: ‘%s’ directive output may be truncated writing up to 1023 bytes into a region of size 1022 [-Wformat-truncation=]
  300 |                 snprintf(buffer1, sizeof(buffer1), "%s \"%s\"", command, buffer2);
      |                                                          ^~              ~~~~~~~
[8a1ae55f] 	In file included from /usr/include/stdio.h:867,
                 from /home/brainlet/software/webcam/mjpg-streamer-experimental/plugins/output_file/output_file.c:22:
/usr/include/arm-linux-gnueabihf/bits/stdio2.h:67:10: note: ‘__builtin___snprintf_chk’ output 4 or more bytes (assuming 1027) into a destination of size 1024
   67 |   return __builtin___snprintf_chk (__s, __n, __USE_FORTIFY_LEVEL - 1,
      |          ^~~~~~~~~~~~~~~~~~~~~~~~~~~~~~~~~~~~~~~~~~~~~~~~~~~~~~~~~~~~
   68 |        __bos (__s), __fmt, __va_arg_pack ());
      |        ~~~~~~~~~~~~~~~~~~~~~~~~~~~~~~~~~~~~~
[8a1ae55f] 	In file included from /home/brainlet/software/webcam/mjpg-streamer-experimental/plugins/output_file/../../mjpg_streamer.h:45,
                 from /home/brainlet/software/webcam/mjpg-streamer-experimental/plugins/output_file/output_file.c:43:
/home/brainlet/software/webcam/mjpg-streamer-experimental/plugins/output_file/output_file.c:280:24: warning: ‘%s’ directive output may be truncated writing up to 1023 bytes into a region of size 999 [-Wformat-truncation=]
  280 |                 OPRINT("could not write to file %s\n", buffer2);
      |                        ^~~~~~~~~~~~~~~~~~~~~~~~~~~~~~  ~~~~~~~
/home/brainlet/software/webcam/mjpg-streamer-experimental/plugins/output_file/../../plugins/output.h:25:74: note: in definition of macro ‘OPRINT’
   25 | #define OPRINT(...) { char _bf[1024] = {0}; snprintf(_bf, sizeof(_bf)-1, __VA_ARGS__); fprintf(stderr, "%s", OUTPUT_PLUGIN_PREFIX); fprintf(stderr, "%s", _bf); syslog(LOG_INFO, "%s", _bf); }
      |                                                                          ^~~~~~~~~~~
/home/brainlet/software/webcam/mjpg-streamer-experimental/plugins/output_file/output_file.c:280:49: note: format string is defined here
  280 |                 OPRINT("could not write to file %s\n", buffer2);
      |                                                 ^~
[8a1ae55f] 	In file included from /usr/include/stdio.h:867,
                 from /home/brainlet/software/webcam/mjpg-streamer-experimental/plugins/output_file/output_file.c:22:
/usr/include/arm-linux-gnueabihf/bits/stdio2.h:67:10: note: ‘__builtin___snprintf_chk’ output between 26 and 1049 bytes into a destination of size 1023
   67 |   return __builtin___snprintf_chk (__s, __n, __USE_FORTIFY_LEVEL - 1,
      |          ^~~~~~~~~~~~~~~~~~~~~~~~~~~~~~~~~~~~~~~~~~~~~~~~~~~~~~~~~~~~
   68 |        __bos (__s), __fmt, __va_arg_pack ());
      |        ~~~~~~~~~~~~~~~~~~~~~~~~~~~~~~~~~~~~~
[8a1ae55f] 	In file included from /home/brainlet/software/webcam/mjpg-streamer-experimental/plugins/output_file/../../mjpg_streamer.h:45,
                 from /home/brainlet/software/webcam/mjpg-streamer-experimental/plugins/output_file/output_file.c:43:
/home/brainlet/software/webcam/mjpg-streamer-experimental/plugins/output_file/output_file.c:274:24: warning: ‘%s’ directive output may be truncated writing up to 1023 bytes into a region of size 999 [-Wformat-truncation=]
  274 |                 OPRINT("could not open the file %s\n", buffer2);
      |                        ^~~~~~~~~~~~~~~~~~~~~~~~~~~~~~  ~~~~~~~
/home/brainlet/software/webcam/mjpg-streamer-experimental/plugins/output_file/../../plugins/output.h:25:74: note: in definition of macro ‘OPRINT’
   25 | #define OPRINT(...) { char _bf[1024] = {0}; snprintf(_bf, sizeof(_bf)-1, __VA_ARGS__); fprintf(stderr, "%s", OUTPUT_PLUGIN_PREFIX); fprintf(stderr, "%s", _bf); syslog(LOG_INFO, "%s", _bf); }
      |                                                                          ^~~~~~~~~~~
/home/brainlet/software/webcam/mjpg-streamer-experimental/plugins/output_file/output_file.c:274:49: note: format string is defined here
  274 |                 OPRINT("could not open the file %s\n", buffer2);
      |                                                 ^~
In file included from /usr/include/stdio.h:867,
                 from /home/brainlet/software/webcam/mjpg-streamer-experimental/plugins/output_file/output_file.c:22:
/usr/include/arm-linux-gnueabihf/bits/stdio2.h:67:10: note: ‘__builtin___snprintf_chk’ output between 26 and 1049 bytes into a destination of size 1023
   67 |   return __builtin___snprintf_chk (__s, __n, __USE_FORTIFY_LEVEL - 1,
      |          ^~~~~~~~~~~~~~~~~~~~~~~~~~~~~~~~~~~~~~~~~~~~~~~~~~~~~~~~~~~~
   68 |        __bos (__s), __fmt, __va_arg_pack ());
      |        ~~~~~~~~~~~~~~~~~~~~~~~~~~~~~~~~~~~~~
[8a1ae55f] 	[ 69%] Linking C shared library output_file.so
[8a1ae55f] 	make[3]: Leaving directory '/home/brainlet/software/webcam/mjpg-streamer-experimental/_build'
[8a1ae55f] 	[ 69%] Built target output_file
[8a1ae55f] 	make[3]: Entering directory '/home/brainlet/software/webcam/mjpg-streamer-experimental/_build'
[8a1ae55f] 	Scanning dependencies of target output_http
[8a1ae55f] 	make[3]: Leaving directory '/home/brainlet/software/webcam/mjpg-streamer-experimental/_build'
[8a1ae55f] 	make[3]: Entering directory '/home/brainlet/software/webcam/mjpg-streamer-experimental/_build'
[8a1ae55f] 	[ 73%] Building C object plugins/output_http/CMakeFiles/output_http.dir/httpd.c.o
[8a1ae55f] 	/home/brainlet/software/webcam/mjpg-streamer-experimental/plugins/output_http/httpd.c: In function ‘send_input_JSON’:
/home/brainlet/software/webcam/mjpg-streamer-experimental/plugins/output_http/httpd.c:1740:38: warning: ‘%d’ directive writing between 1 and 10 bytes into a region of size 6 [-Wformat-overflow=]
 1740 |                 sprintf(buffer_num, "%d", j);
      |                                      ^~
[8a1ae55f] 	/home/brainlet/software/webcam/mjpg-streamer-experimental/plugins/output_http/httpd.c:1740:37: note: directive argument in the range [0, 2147483647]
 1740 |                 sprintf(buffer_num, "%d", j);
      |                                     ^~~~
In file included from /usr/include/stdio.h:867,
                 from /home/brainlet/software/webcam/mjpg-streamer-experimental/plugins/output_http/httpd.c:28:
/usr/include/arm-linux-gnueabihf/bits/stdio2.h:36:10: note: ‘__builtin___sprintf_chk’ output between 2 and 11 bytes into a destination of size 6
   36 |   return __builtin___sprintf_chk (__s, __USE_FORTIFY_LEVEL - 1,
      |          ^~~~~~~~~~~~~~~~~~~~~~~~~~~~~~~~~~~~~~~~~~~~~~~~~~~~~~
   37 |       __bos (__s), __fmt, __va_arg_pack ());
      |       ~~~~~~~~~~~~~~~~~~~~~~~~~~~~~~~~~~~~~
[8a1ae55f] 	[ 78%] Building C object plugins/output_http/CMakeFiles/output_http.dir/output_http.c.o
[8a1ae55f] 	[ 82%] Linking C shared library output_http.so
[8a1ae55f] 	make[3]: Leaving directory '/home/brainlet/software/webcam/mjpg-streamer-experimental/_build'
[8a1ae55f] 	[ 82%] Built target output_http
[8a1ae55f] 	make[3]: Entering directory '/home/brainlet/software/webcam/mjpg-streamer-experimental/_build'
[8a1ae55f] 	Scanning dependencies of target output_rtsp
[8a1ae55f] 	make[3]: Leaving directory '/home/brainlet/software/webcam/mjpg-streamer-experimental/_build'
[8a1ae55f] 	make[3]: Entering directory '/home/brainlet/software/webcam/mjpg-streamer-experimental/_build'
[8a1ae55f] 	[ 86%] Building C object plugins/output_rtsp/CMakeFiles/output_rtsp.dir/output_rtsp.c.o
[8a1ae55f] 	In file included from /home/brainlet/software/webcam/mjpg-streamer-experimental/plugins/output_rtsp/../../mjpg_streamer.h:45,
                 from /home/brainlet/software/webcam/mjpg-streamer-experimental/plugins/output_rtsp/output_rtsp.c:55:
/home/brainlet/software/webcam/mjpg-streamer-experimental/plugins/output_rtsp/output_rtsp.c: In function ‘worker_thread’:
[8a1ae55f] 	/home/brainlet/software/webcam/mjpg-streamer-experimental/plugins/output_rtsp/output_rtsp.c:198:24: warning: ‘%s’ directive output may be truncated writing up to 1023 bytes into a region of size 999 [-Wformat-truncation=]
  198 |                 OPRINT("could not write to file %s\n", udpbuffer);
      |                        ^~~~~~~~~~~~~~~~~~~~~~~~~~~~~~  ~~~~~~~~~
/home/brainlet/software/webcam/mjpg-streamer-experimental/plugins/output_rtsp/../../plugins/output.h:25:74: note: in definition of macro ‘OPRINT’
   25 | #define OPRINT(...) { char _bf[1024] = {0}; snprintf(_bf, sizeof(_bf)-1, __VA_ARGS__); fprintf(stderr, "%s", OUTPUT_PLUGIN_PREFIX); fprintf(stderr, "%s", _bf); syslog(LOG_INFO, "%s", _bf); }
      |                                                                          ^~~~~~~~~~~
/home/brainlet/software/webcam/mjpg-streamer-experimental/plugins/output_rtsp/output_rtsp.c:198:49: note: format string is defined here
  198 |                 OPRINT("could not write to file %s\n", udpbuffer);
      |                                                 ^~
In file included from /usr/include/stdio.h:867,
                 from /home/brainlet/software/webcam/mjpg-streamer-experimental/plugins/output_rtsp/output_rtsp.c:33:
/usr/include/arm-linux-gnueabihf/bits/stdio2.h:67:10: note: ‘__builtin___snprintf_chk’ output between 26 and 1049 bytes into a destination of size 1023
   67 |   return __builtin___snprintf_chk (__s, __n, __USE_FORTIFY_LEVEL - 1,
      |          ^~~~~~~~~~~~~~~~~~~~~~~~~~~~~~~~~~~~~~~~~~~~~~~~~~~~~~~~~~~~
   68 |        __bos (__s), __fmt, __va_arg_pack ());
      |        ~~~~~~~~~~~~~~~~~~~~~~~~~~~~~~~~~~~~~
[8a1ae55f] 	In file included from /home/brainlet/software/webcam/mjpg-streamer-experimental/plugins/output_rtsp/../../mjpg_streamer.h:45,
                 from /home/brainlet/software/webcam/mjpg-streamer-experimental/plugins/output_rtsp/output_rtsp.c:55:
/home/brainlet/software/webcam/mjpg-streamer-experimental/plugins/output_rtsp/output_rtsp.c:192:24: warning: ‘%s’ directive output may be truncated writing up to 1023 bytes into a region of size 999 [-Wformat-truncation=]
  192 |                 OPRINT("could not open the file %s\n", udpbuffer);
      |                        ^~~~~~~~~~~~~~~~~~~~~~~~~~~~~~  ~~~~~~~~~
/home/brainlet/software/webcam/mjpg-streamer-experimental/plugins/output_rtsp/../../plugins/output.h:25:74: note: in definition of macro ‘OPRINT’
   25 | #define OPRINT(...) { char _bf[1024] = {0}; snprintf(_bf, sizeof(_bf)-1, __VA_ARGS__); fprintf(stderr, "%s", OUTPUT_PLUGIN_PREFIX); fprintf(stderr, "%s", _bf); syslog(LOG_INFO, "%s", _bf); }
      |                                                                          ^~~~~~~~~~~
/home/brainlet/software/webcam/mjpg-streamer-experimental/plugins/output_rtsp/output_rtsp.c:192:49: note: format string is defined here
  192 |                 OPRINT("could not open the file %s\n", udpbuffer);
      |                                                 ^~
In file included from /usr/include/stdio.h:867,
                 from /home/brainlet/software/webcam/mjpg-streamer-experimental/plugins/output_rtsp/output_rtsp.c:33:
/usr/include/arm-linux-gnueabihf/bits/stdio2.h:67:10: note: ‘__builtin___snprintf_chk’ output between 26 and 1049 bytes into a destination of size 1023
   67 |   return __builtin___snprintf_chk (__s, __n, __USE_FORTIFY_LEVEL - 1,
      |          ^~~~~~~~~~~~~~~~~~~~~~~~~~~~~~~~~~~~~~~~~~~~~~~~~~~~~~~~~~~~
   68 |        __bos (__s), __fmt, __va_arg_pack ());
      |        ~~~~~~~~~~~~~~~~~~~~~~~~~~~~~~~~~~~~~
[8a1ae55f] 	[ 91%] Linking C shared library output_rtsp.so
[8a1ae55f] 	make[3]: Leaving directory '/home/brainlet/software/webcam/mjpg-streamer-experimental/_build'
[8a1ae55f] 	[ 91%] Built target output_rtsp
[8a1ae55f] 	make[3]: Entering directory '/home/brainlet/software/webcam/mjpg-streamer-experimental/_build'
[8a1ae55f] 	Scanning dependencies of target output_udp
[8a1ae55f] 	make[3]: Leaving directory '/home/brainlet/software/webcam/mjpg-streamer-experimental/_build'
[8a1ae55f] 	make[3]: Entering directory '/home/brainlet/software/webcam/mjpg-streamer-experimental/_build'
[8a1ae55f] 	[ 95%] Building C object plugins/output_udp/CMakeFiles/output_udp.dir/output_udp.c.o
[8a1ae55f] 	In file included from /home/brainlet/software/webcam/mjpg-streamer-experimental/plugins/output_udp/../../mjpg_streamer.h:45,
                 from /home/brainlet/software/webcam/mjpg-streamer-experimental/plugins/output_udp/output_udp.c:54:
/home/brainlet/software/webcam/mjpg-streamer-experimental/plugins/output_udp/output_udp.c: In function ‘worker_thread’:
[8a1ae55f] 	/home/brainlet/software/webcam/mjpg-streamer-experimental/plugins/output_udp/output_udp.c:194:24: warning: ‘%s’ directive output may be truncated writing up to 1023 bytes into a region of size 999 [-Wformat-truncation=]
  194 |                 OPRINT("could not write to file %s\n", udpbuffer);
      |                        ^~~~~~~~~~~~~~~~~~~~~~~~~~~~~~  ~~~~~~~~~
/home/brainlet/software/webcam/mjpg-streamer-experimental/plugins/output_udp/../../plugins/output.h:25:74: note: in definition of macro ‘OPRINT’
   25 | #define OPRINT(...) { char _bf[1024] = {0}; snprintf(_bf, sizeof(_bf)-1, __VA_ARGS__); fprintf(stderr, "%s", OUTPUT_PLUGIN_PREFIX); fprintf(stderr, "%s", _bf); syslog(LOG_INFO, "%s", _bf); }
      |                                                                          ^~~~~~~~~~~
/home/brainlet/software/webcam/mjpg-streamer-experimental/plugins/output_udp/output_udp.c:194:49: note: format string is defined here
  194 |                 OPRINT("could not write to file %s\n", udpbuffer);
      |                                                 ^~
In file included from /usr/include/stdio.h:867,
                 from /home/brainlet/software/webcam/mjpg-streamer-experimental/plugins/output_udp/output_udp.c:33:
/usr/include/arm-linux-gnueabihf/bits/stdio2.h:67:10: note: ‘__builtin___snprintf_chk’ output between 26 and 1049 bytes into a destination of size 1023
   67 |   return __builtin___snprintf_chk (__s, __n, __USE_FORTIFY_LEVEL - 1,
      |          ^~~~~~~~~~~~~~~~~~~~~~~~~~~~~~~~~~~~~~~~~~~~~~~~~~~~~~~~~~~~
   68 |        __bos (__s), __fmt, __va_arg_pack ());
      |        ~~~~~~~~~~~~~~~~~~~~~~~~~~~~~~~~~~~~~
[8a1ae55f] 	In file included from /home/brainlet/software/webcam/mjpg-streamer-experimental/plugins/output_udp/../../mjpg_streamer.h:45,
                 from /home/brainlet/software/webcam/mjpg-streamer-experimental/plugins/output_udp/output_udp.c:54:
/home/brainlet/software/webcam/mjpg-streamer-experimental/plugins/output_udp/output_udp.c:188:24: warning: ‘%s’ directive output may be truncated writing up to 1023 bytes into a region of size 999 [-Wformat-truncation=]
  188 |                 OPRINT("could not open the file %s\n", udpbuffer);
      |                        ^~~~~~~~~~~~~~~~~~~~~~~~~~~~~~  ~~~~~~~~~
/home/brainlet/software/webcam/mjpg-streamer-experimental/plugins/output_udp/../../plugins/output.h:25:74: note: in definition of macro ‘OPRINT’
   25 | #define OPRINT(...) { char _bf[1024] = {0}; snprintf(_bf, sizeof(_bf)-1, __VA_ARGS__); fprintf(stderr, "%s", OUTPUT_PLUGIN_PREFIX); fprintf(stderr, "%s", _bf); syslog(LOG_INFO, "%s", _bf); }
      |                                                                          ^~~~~~~~~~~
/home/brainlet/software/webcam/mjpg-streamer-experimental/plugins/output_udp/output_udp.c:188:49: note: format string is defined here
  188 |                 OPRINT("could not open the file %s\n", udpbuffer);
      |                                                 ^~
In file included from /usr/include/stdio.h:867,
                 from /home/brainlet/software/webcam/mjpg-streamer-experimental/plugins/output_udp/output_udp.c:33:
/usr/include/arm-linux-gnueabihf/bits/stdio2.h:67:10: note: ‘__builtin___snprintf_chk’ output between 26 and 1049 bytes into a destination of size 1023
   67 |   return __builtin___snprintf_chk (__s, __n, __USE_FORTIFY_LEVEL - 1,
      |          ^~~~~~~~~~~~~~~~~~~~~~~~~~~~~~~~~~~~~~~~~~~~~~~~~~~~~~~~~~~~
   68 |        __bos (__s), __fmt, __va_arg_pack ());
      |        ~~~~~~~~~~~~~~~~~~~~~~~~~~~~~~~~~~~~~
[8a1ae55f] 	/home/brainlet/software/webcam/mjpg-streamer-experimental/plugins/output_udp/output_udp.c:211:54: warning: ‘%s’ directive output may be truncated writing up to 1023 bytes into a region of size 1022 [-Wformat-truncation=]
  211 |             snprintf(buffer1, sizeof(buffer1), "%s \"%s\"", command, udpbuffer);
      |                                                      ^~              ~~~~~~~~~
In file included from /usr/include/stdio.h:867,
                 from /home/brainlet/software/webcam/mjpg-streamer-experimental/plugins/output_udp/output_udp.c:33:
/usr/include/arm-linux-gnueabihf/bits/stdio2.h:67:10: note: ‘__builtin___snprintf_chk’ output 4 or more bytes (assuming 1027) into a destination of size 1024
   67 |   return __builtin___snprintf_chk (__s, __n, __USE_FORTIFY_LEVEL - 1,
      |          ^~~~~~~~~~~~~~~~~~~~~~~~~~~~~~~~~~~~~~~~~~~~~~~~~~~~~~~~~~~~
   68 |        __bos (__s), __fmt, __va_arg_pack ());
      |        ~~~~~~~~~~~~~~~~~~~~~~~~~~~~~~~~~~~~~
[8a1ae55f] 	[100%] Linking C shared library output_udp.so
[8a1ae55f] 	make[3]: Leaving directory '/home/brainlet/software/webcam/mjpg-streamer-experimental/_build'
[8a1ae55f] 	[100%] Built target output_udp
[8a1ae55f] 	make[2]: Leaving directory '/home/brainlet/software/webcam/mjpg-streamer-experimental/_build'
[8a1ae55f] 	make[1]: Leaving directory '/home/brainlet/software/webcam/mjpg-streamer-experimental/_build'
[8a1ae55f] Finished in 43.854 seconds with exit status 0 (successful)
[64e4a127] Running make install
[64e4a127] 	make -C _build install
[64e4a127] 	make[1]: Entering directory '/home/brainlet/software/webcam/mjpg-streamer-experimental/_build'
[64e4a127] 	make[2]: Entering directory '/home/brainlet/software/webcam/mjpg-streamer-experimental/_build'
[64e4a127] 	make[3]: Entering directory '/home/brainlet/software/webcam/mjpg-streamer-experimental/_build'
[64e4a127] 	make[3]: Leaving directory '/home/brainlet/software/webcam/mjpg-streamer-experimental/_build'
[64e4a127] 	[ 13%] Built target mjpg_streamer
[64e4a127] 	make[3]: Entering directory '/home/brainlet/software/webcam/mjpg-streamer-experimental/_build'
[64e4a127] 	make[3]: Leaving directory '/home/brainlet/software/webcam/mjpg-streamer-experimental/_build'
[64e4a127] 	[ 21%] Built target input_file
[64e4a127] 	make[3]: Entering directory '/home/brainlet/software/webcam/mjpg-streamer-experimental/_build'
[64e4a127] 	make[3]: Leaving directory '/home/brainlet/software/webcam/mjpg-streamer-experimental/_build'
[64e4a127] 	[ 39%] Built target input_http
[64e4a127] 	make[3]: Entering directory '/home/brainlet/software/webcam/mjpg-streamer-experimental/_build'
[64e4a127] 	make[3]: Leaving directory '/home/brainlet/software/webcam/mjpg-streamer-experimental/_build'
[64e4a127] 	[ 60%] Built target input_uvc
[64e4a127] 	make[3]: Entering directory '/home/brainlet/software/webcam/mjpg-streamer-experimental/_build'
[64e4a127] 	make[3]: Leaving directory '/home/brainlet/software/webcam/mjpg-streamer-experimental/_build'
[64e4a127] 	[ 69%] Built target output_file
[64e4a127] 	make[3]: Entering directory '/home/brainlet/software/webcam/mjpg-streamer-experimental/_build'
[64e4a127] 	make[3]: Leaving directory '/home/brainlet/software/webcam/mjpg-streamer-experimental/_build'
[64e4a127] 	[ 82%] Built target output_http
[64e4a127] 	make[3]: Entering directory '/home/brainlet/software/webcam/mjpg-streamer-experimental/_build'
[64e4a127] 	make[3]: Leaving directory '/home/brainlet/software/webcam/mjpg-streamer-experimental/_build'
[64e4a127] 	[ 91%] Built target output_rtsp
[64e4a127] 	make[3]: Entering directory '/home/brainlet/software/webcam/mjpg-streamer-experimental/_build'
[64e4a127] 	make[3]: Leaving directory '/home/brainlet/software/webcam/mjpg-streamer-experimental/_build'
[64e4a127] 	[100%] Built target output_udp
[64e4a127] 	make[2]: Leaving directory '/home/brainlet/software/webcam/mjpg-streamer-experimental/_build'
[64e4a127] 	Install the project...
[64e4a127] 	-- Install configuration: "Release"
[64e4a127] 	-- Installing: /usr/local/bin/mjpg_streamer
[64e4a127] 	-- Set runtime path of "/usr/local/bin/mjpg_streamer" to "/usr/local/lib/mjpg-streamer"
[64e4a127] 	-- Up-to-date: /usr/local/share/mjpg-streamer/www
[64e4a127] 	-- Installing: /usr/local/share/mjpg-streamer/www/jquery.rotate.js
[64e4a127] 	-- Installing: /usr/local/share/mjpg-streamer/www/jquery.ui.custom.css
[64e4a127] 	-- Installing: /usr/local/share/mjpg-streamer/www/rotateicons.png
[64e4a127] 	-- Installing: /usr/local/share/mjpg-streamer/www/jquery.ui.tabs.min.js
[64e4a127] 	-- Installing: /usr/local/share/mjpg-streamer/www/JQuerySpinBtn.css
[64e4a127] 	-- Installing: /usr/local/share/mjpg-streamer/www/jquery.js
[64e4a127] 	-- Installing: /usr/local/share/mjpg-streamer/www/control.htm
[64e4a127] 	-- Installing: /usr/local/share/mjpg-streamer/www/favicon.png
[64e4a127] 	-- Installing: /usr/local/share/mjpg-streamer/www/jquery.ui.core.min.js
[64e4a127] 	-- Installing: /usr/local/share/mjpg-streamer/www/LICENSE.txt
[64e4a127] 	-- Installing: /usr/local/share/mjpg-streamer/www/java_simple.html
[64e4a127] 	-- Installing: /usr/local/share/mjpg-streamer/www/style.css
[64e4a127] 	-- Installing: /usr/local/share/mjpg-streamer/www/JQuerySpinBtn.js
[64e4a127] 	-- Installing: /usr/local/share/mjpg-streamer/www/java_control.html
[64e4a127] 	-- Installing: /usr/local/share/mjpg-streamer/www/javascript.html
[64e4a127] 	-- Installing: /usr/local/share/mjpg-streamer/www/stream_simple.html
[64e4a127] 	-- Installing: /usr/local/share/mjpg-streamer/www/favicon.ico
[64e4a127] 	-- Installing: /usr/local/share/mjpg-streamer/www/cambozola.jar
[64e4a127] 	-- Installing: /usr/local/share/mjpg-streamer/www/bodybg.gif
[64e4a127] 	-- Installing: /usr/local/share/mjpg-streamer/www/fix.css
[64e4a127] 	-- Installing: /usr/local/share/mjpg-streamer/www/index.html
[64e4a127] 	-- Installing: /usr/local/share/mjpg-streamer/www/stream.html
[64e4a127] 	-- Installing: /usr/local/share/mjpg-streamer/www/javascript_simple.html
[64e4a127] 	-- Installing: /usr/local/share/mjpg-streamer/www/videolan.html
[64e4a127] 	-- Installing: /usr/local/share/mjpg-streamer/www/static_simple.html
[64e4a127] 	-- Installing: /usr/local/share/mjpg-streamer/www/sidebarbg.gif
[64e4a127] 	-- Installing: /usr/local/share/mjpg-streamer/www/example.jpg
[64e4a127] 	-- Installing: /usr/local/share/mjpg-streamer/www/jquery.ui.widget.min.js
[64e4a127] 	-- Installing: /usr/local/share/mjpg-streamer/www/static.html
[64e4a127] 	-- Installing: /usr/local/share/mjpg-streamer/www/spinbtn_updn.gif
[64e4a127] 	-- Installing: /usr/local/share/mjpg-streamer/www/javascript_motiondetection.html
[64e4a127] 	-- Installing: /usr/local/share/mjpg-streamer/www/functions.js
[64e4a127] 	-- Installing: /usr/local/share/mjpg-streamer/www/java.html
[64e4a127] 	-- Installing: /usr/local/lib/mjpg-streamer/input_file.so
[64e4a127] 	-- Installing: /usr/local/lib/mjpg-streamer/input_http.so
[64e4a127] 	-- Installing: /usr/local/lib/mjpg-streamer/input_uvc.so
[64e4a127] 	-- Installing: /usr/local/lib/mjpg-streamer/output_file.so
[64e4a127] 	-- Installing: /usr/local/lib/mjpg-streamer/output_http.so
[64e4a127] 	-- Installing: /usr/local/lib/mjpg-streamer/output_rtsp.so
[64e4a127] 	-- Installing: /usr/local/lib/mjpg-streamer/output_udp.so
[64e4a127] 	make[1]: Leaving directory '/home/brainlet/software/webcam/mjpg-streamer-experimental/_build'
[64e4a127] Finished in 2.060 seconds with exit status 0 (successful)
[ee50df5a] Running /home/brainlet/software/klipper/klippy/chelper/__init__.py
